-- The C compiler identification is GNU 13.3.0
-- The CXX compiler identification is GNU 13.3.0
-- Detecting C compiler ABI info
-- Detecting C compiler ABI info - done
-- Check for working C compiler: /usr/bin/cc - skipped
-- Detecting C compile features
-- Detecting C compile features - done
-- Detecting CXX compiler ABI info
-- Detecting CXX compiler ABI info - done
-- Check for working CXX compiler: /usr/bin/c++ - skipped
-- Detecting CXX compile features
-- Detecting CXX compile features - done
-- Found inc dir: SPINNAKER_INCLUDE_DIRS-NOTFOUND
-- Found variable: FALSE at SPINNAKER_LIBRARIES-NOTFOUND and SPINNAKER_INCLUDE_DIRS-NOTFOUND
-- spinnaker not found
-- libSpinnaker not found in system library path
-- Running download_spinnaker script with arguments: x86_64 /home/brian-zheng/spinnaker/build/spinnaker_camera_driver/usr/lib noble
-- PROCESS RESULT: CPU architecture is %s x86_64
OS code name is %s noble
Destination folder is %s /home/brian-zheng/spinnaker/build/spinnaker_camera_driver/usr/lib
Downloading SDK archive from https://pfrommer.us/Spinnaker/Ubuntu24.04/spinnaker-4.0.0.116-amd64-pkg-24.04.tar.gz...
Unpacking tarball.
Unpacking debs.
Extracting /home/brian-zheng/spinnaker/build/spinnaker_camera_driver/spinnaker-4.0.0.116-amd64/spinnaker-doc_4.0.0.116_amd64.deb
Extracting /home/brian-zheng/spinnaker/build/spinnaker_camera_driver/spinnaker-4.0.0.116-amd64/libspinnaker-c_4.0.0.116_amd64.deb
Extracting /home/brian-zheng/spinnaker/build/spinnaker_camera_driver/spinnaker-4.0.0.116-amd64/libgentl_4.0.0.116_amd64.deb
Extracting /home/brian-zheng/spinnaker/build/spinnaker_camera_driver/spinnaker-4.0.0.116-amd64/libspinnaker-c-dev_4.0.0.116_amd64.deb
Extracting /home/brian-zheng/spinnaker/build/spinnaker_camera_driver/spinnaker-4.0.0.116-amd64/spinnaker_4.0.0.116_amd64.deb
Extracting /home/brian-zheng/spinnaker/build/spinnaker_camera_driver/spinnaker-4.0.0.116-amd64/libspinnaker_4.0.0.116_amd64.deb
Extracting /home/brian-zheng/spinnaker/build/spinnaker_camera_driver/spinnaker-4.0.0.116-amd64/libspinnaker-dev_4.0.0.116_amd64.deb
Copying libraries to /home/brian-zheng/spinnaker/build/spinnaker_camera_driver/usr/lib
Copying: libSpinnaker_C.so
Copying: libSpinnaker_C.so.4.0.0.116
Copying: libSpinnaker.so
Copying: libSpinnaker.so.4
Copying: libSpinnaker_C.so.4
Copying: libSpinnaker.so.4.0.0.116
Copying: libGCBase_gcc11_v3_0.so
Copying: libGenApi_gcc11_v3_0.so
Copying: libXmlParser_gcc11_v3_0.so
Copying: libMathParser_gcc11_v3_0.so
Copying: libLog_gcc11_v3_0.so
Copying: libNodeMapData_gcc11_v3_0.so

-- libSpinnaker library location: /home/brian-zheng/spinnaker/build/spinnaker_camera_driver/usr/lib/libSpinnaker.so
-- libSpinnaker include location: /home/brian-zheng/spinnaker/build/spinnaker_camera_driver/opt/spinnaker/include
-- Found inc dir: /home/brian-zheng/spinnaker/build/spinnaker_camera_driver/opt/spinnaker/include
-- Found SPINNAKER: /home/brian-zheng/spinnaker/build/spinnaker_camera_driver/opt/spinnaker/include  
-- Found ament_cmake: 2.5.3 (/opt/ros/jazzy/share/ament_cmake/cmake)
-- Found Python3: /usr/bin/python3 (found version "3.12.3") found components: Interpreter 
-- Override CMake install command with custom implementation using symlinks instead of copying resources
-- Found ament_cmake_ros: 0.12.0 (/opt/ros/jazzy/share/ament_cmake_ros/cmake)
-- Found rclcpp: 28.1.6 (/opt/ros/jazzy/share/rclcpp/cmake)
-- Found rosidl_generator_c: 4.6.5 (/opt/ros/jazzy/share/rosidl_generator_c/cmake)
-- Found rosidl_generator_cpp: 4.6.5 (/opt/ros/jazzy/share/rosidl_generator_cpp/cmake)
-- Using all available rosidl_typesupport_c: rosidl_typesupport_fastrtps_c;rosidl_typesupport_introspection_c
-- Using all available rosidl_typesupport_cpp: rosidl_typesupport_fastrtps_cpp;rosidl_typesupport_introspection_cpp
-- Found rmw_implementation_cmake: 7.3.1 (/opt/ros/jazzy/share/rmw_implementation_cmake/cmake)
-- Found rmw_fastrtps_cpp: 8.4.1 (/opt/ros/jazzy/share/rmw_fastrtps_cpp/cmake)
-- Found OpenSSL: /usr/lib/x86_64-linux-gnu/libcrypto.so (found version "3.0.13")  
-- Found FastRTPS: /opt/ros/jazzy/include (Required is at least version "2.13") 
-- Using RMW implementation 'rmw_fastrtps_cpp' as default
-- Found rclcpp_components: 28.1.6 (/opt/ros/jazzy/share/rclcpp_components/cmake)
-- Found sensor_msgs: 5.3.5 (/opt/ros/jazzy/share/sensor_msgs/cmake)
-- Found camera_info_manager: 5.1.5 (/opt/ros/jazzy/share/camera_info_manager/cmake)
-- Setting yaml-cpp_DIR to: '/opt/ros/jazzy/share/yaml_cpp_vendor/cmake/../../../opt/yaml_cpp_vendor/share/cmake/yaml-cpp'
-- Found image_transport: 5.1.5 (/opt/ros/jazzy/share/image_transport/cmake)
-- Found flir_camera_msgs: 2.0.8 (/home/brian-zheng/spinnaker/install/flir_camera_msgs/share/flir_camera_msgs/cmake)
-- installing spinnaker libraries from /home/brian-zheng/spinnaker/build/spinnaker_camera_driver/opt/spinnaker/lib
-- Found ament_cmake_copyright: 0.17.1 (/opt/ros/jazzy/share/ament_cmake_copyright/cmake)
-- Found ament_cmake_cppcheck: 0.17.1 (/opt/ros/jazzy/share/ament_cmake_cppcheck/cmake)
-- Found ament_cmake_cpplint: 0.17.1 (/opt/ros/jazzy/share/ament_cmake_cpplint/cmake)
-- Found ament_cmake_flake8: 0.17.1 (/opt/ros/jazzy/share/ament_cmake_flake8/cmake)
-- Found ament_cmake_lint_cmake: 0.17.1 (/opt/ros/jazzy/share/ament_cmake_lint_cmake/cmake)
-- Found ament_cmake_pep257: 0.17.1 (/opt/ros/jazzy/share/ament_cmake_pep257/cmake)
-- Found ament_cmake_clang_format: 0.17.1 (/opt/ros/jazzy/share/ament_cmake_clang_format/cmake)
-- Found ament_cmake_xmllint: 0.17.1 (/opt/ros/jazzy/share/ament_cmake_xmllint/cmake)
-- Configuring done (8.3s)
-- Generating done (0.0s)
-- Build files have been written to: /home/brian-zheng/spinnaker/build/spinnaker_camera_driver
[ 20%] [32mBuilding CXX object CMakeFiles/camera_driver.dir/src/spinnaker_wrapper_impl.cpp.o[0m
[ 20%] [32mBuilding CXX object CMakeFiles/camera_driver.dir/src/pixel_format.cpp.o[0m
[ 30%] [32mBuilding CXX object CMakeFiles/camera_driver.dir/src/genicam_utils.cpp.o[0m
[ 40%] [32mBuilding CXX object CMakeFiles/camera_driver.dir/src/camera_driver.cpp.o[0m
[ 50%] [32mBuilding CXX object CMakeFiles/camera_driver.dir/src/spinnaker_wrapper.cpp.o[0m
[ 60%] [32mBuilding CXX object CMakeFiles/camera_driver.dir/src/camera.cpp.o[0m
[ 70%] [32mBuilding CXX object CMakeFiles/camera_driver.dir/src/image.cpp.o[0m
[ 80%] [32m[1mLinking CXX shared library libcamera_driver.so[0m
[ 80%] Built target camera_driver
[ 90%] [32mBuilding CXX object CMakeFiles/camera_driver_node.dir/src/camera_driver_node.cpp.o[0m
[100%] [32m[1mLinking CXX executable camera_driver_node[0m
[100%] Built target camera_driver_node
-- Install configuration: "RelWithDebInfo"
-- Execute custom install script
-- Symlinking: /home/brian-zheng/spinnaker/install/spinnaker_camera_driver/./lib/libGCBase_gcc11_v3_0.so
-- Symlinking: /home/brian-zheng/spinnaker/install/spinnaker_camera_driver/./lib/libGenApi_gcc11_v3_0.so
-- Symlinking: /home/brian-zheng/spinnaker/install/spinnaker_camera_driver/./lib/libLog_gcc11_v3_0.so
-- Symlinking: /home/brian-zheng/spinnaker/install/spinnaker_camera_driver/./lib/libMathParser_gcc11_v3_0.so
-- Symlinking: /home/brian-zheng/spinnaker/install/spinnaker_camera_driver/./lib/libNodeMapData_gcc11_v3_0.so
-- Symlinking: /home/brian-zheng/spinnaker/install/spinnaker_camera_driver/./lib/libSpinnaker.so
-- Symlinking: /home/brian-zheng/spinnaker/install/spinnaker_camera_driver/./lib/libSpinnaker.so.4
-- Symlinking: /home/brian-zheng/spinnaker/install/spinnaker_camera_driver/./lib/libSpinnaker.so.4.0.0.116
-- Symlinking: /home/brian-zheng/spinnaker/install/spinnaker_camera_driver/./lib/libSpinnaker_C.so
-- Symlinking: /home/brian-zheng/spinnaker/install/spinnaker_camera_driver/./lib/libSpinnaker_C.so.4
-- Symlinking: /home/brian-zheng/spinnaker/install/spinnaker_camera_driver/./lib/libSpinnaker_C.so.4.0.0.116
-- Symlinking: /home/brian-zheng/spinnaker/install/spinnaker_camera_driver/./lib/libXmlParser_gcc11_v3_0.so
-- Symlinking: /home/brian-zheng/spinnaker/install/spinnaker_camera_driver/./lib/liblog4cpp_gcc11_v3_0.so
-- Symlinking: /home/brian-zheng/spinnaker/install/spinnaker_camera_driver/./lib/spinnaker-gentl/Spinnaker_GenTL.cti
-- Symlinking: /home/brian-zheng/spinnaker/install/spinnaker_camera_driver/./lib/spinnaker-gentl/log4cpp.gentl.property
-- Symlinking: /home/brian-zheng/spinnaker/install/spinnaker_camera_driver/lib/spinnaker_camera_driver//camera_driver_node
-- Symlinking: /home/brian-zheng/spinnaker/install/spinnaker_camera_driver/lib/cmake/spinnaker_camera_driver/spinnaker_camera_driverConfig.cmake
-- Symlinking: /home/brian-zheng/spinnaker/install/spinnaker_camera_driver/lib/cmake/spinnaker_camera_driver/spinnaker_camera_driverConfigVersion.cmake
-- Symlinking: /home/brian-zheng/spinnaker/install/spinnaker_camera_driver/include/spinnaker_camera_driver/camera.hpp
-- Symlinking: /home/brian-zheng/spinnaker/install/spinnaker_camera_driver/include/spinnaker_camera_driver/camera_driver.hpp
-- Symlinking: /home/brian-zheng/spinnaker/install/spinnaker_camera_driver/include/spinnaker_camera_driver/exposure_controller.hpp
-- Symlinking: /home/brian-zheng/spinnaker/install/spinnaker_camera_driver/include/spinnaker_camera_driver/image.hpp
-- Symlinking: /home/brian-zheng/spinnaker/install/spinnaker_camera_driver/include/spinnaker_camera_driver/logging.hpp
-- Symlinking: /home/brian-zheng/spinnaker/install/spinnaker_camera_driver/include/spinnaker_camera_driver/pixel_format.hpp
-- Symlinking: /home/brian-zheng/spinnaker/install/spinnaker_camera_driver/include/spinnaker_camera_driver/spinnaker_wrapper.hpp
-- Symlinking: /home/brian-zheng/spinnaker/install/spinnaker_camera_driver/include/spinnaker_camera_driver/synchronizer.hpp
-- Symlinking: /home/brian-zheng/spinnaker/install/spinnaker_camera_driver/share/spinnaker_camera_driver//config/blackfly.yaml
-- Symlinking: /home/brian-zheng/spinnaker/install/spinnaker_camera_driver/share/spinnaker_camera_driver//config/blackfly_s.yaml
-- Symlinking: /home/brian-zheng/spinnaker/install/spinnaker_camera_driver/share/spinnaker_camera_driver//config/chameleon.yaml
-- Symlinking: /home/brian-zheng/spinnaker/install/spinnaker_camera_driver/share/spinnaker_camera_driver//config/flir_ax5.yaml
-- Symlinking: /home/brian-zheng/spinnaker/install/spinnaker_camera_driver/share/spinnaker_camera_driver//config/grasshopper.yaml
-- Symlinking: /home/brian-zheng/spinnaker/install/spinnaker_camera_driver/share/spinnaker_camera_driver//config/oryx.yaml
-- Symlinking: /home/brian-zheng/spinnaker/install/spinnaker_camera_driver/share/spinnaker_camera_driver//launch/driver_node.launch.py
-- Symlinking: /home/brian-zheng/spinnaker/install/spinnaker_camera_driver/share/spinnaker_camera_driver//launch/multiple_cameras.launch.py
-- Symlinking: /home/brian-zheng/spinnaker/install/spinnaker_camera_driver/lib/spinnaker_camera_driver/linux_setup_flir
-- Symlinking: /home/brian-zheng/spinnaker/install/spinnaker_camera_driver/share/ament_index/resource_index/package_run_dependencies/spinnaker_camera_driver
-- Symlinking: /home/brian-zheng/spinnaker/install/spinnaker_camera_driver/share/ament_index/resource_index/parent_prefix_path/spinnaker_camera_driver
-- Symlinking: /home/brian-zheng/spinnaker/install/spinnaker_camera_driver/share/spinnaker_camera_driver/environment/ament_prefix_path.sh
-- Symlinking: /home/brian-zheng/spinnaker/install/spinnaker_camera_driver/share/spinnaker_camera_driver/environment/ament_prefix_path.dsv
-- Symlinking: /home/brian-zheng/spinnaker/install/spinnaker_camera_driver/share/spinnaker_camera_driver/environment/path.sh
-- Symlinking: /home/brian-zheng/spinnaker/install/spinnaker_camera_driver/share/spinnaker_camera_driver/environment/path.dsv
-- Symlinking: /home/brian-zheng/spinnaker/install/spinnaker_camera_driver/share/spinnaker_camera_driver/local_setup.bash
-- Symlinking: /home/brian-zheng/spinnaker/install/spinnaker_camera_driver/share/spinnaker_camera_driver/local_setup.sh
-- Symlinking: /home/brian-zheng/spinnaker/install/spinnaker_camera_driver/share/spinnaker_camera_driver/local_setup.zsh
-- Symlinking: /home/brian-zheng/spinnaker/install/spinnaker_camera_driver/share/spinnaker_camera_driver/local_setup.dsv
-- Symlinking: /home/brian-zheng/spinnaker/install/spinnaker_camera_driver/share/spinnaker_camera_driver/package.dsv
-- Symlinking: /home/brian-zheng/spinnaker/install/spinnaker_camera_driver/share/ament_index/resource_index/packages/spinnaker_camera_driver
-- Symlinking: /home/brian-zheng/spinnaker/install/spinnaker_camera_driver/share/ament_index/resource_index/rclcpp_components/spinnaker_camera_driver
-- Symlinking: /home/brian-zheng/spinnaker/install/spinnaker_camera_driver/share/spinnaker_camera_driver/cmake/spinnaker_camera_driverConfig.cmake
-- Symlinking: /home/brian-zheng/spinnaker/install/spinnaker_camera_driver/share/spinnaker_camera_driver/cmake/spinnaker_camera_driverConfig-version.cmake
-- Symlinking: /home/brian-zheng/spinnaker/install/spinnaker_camera_driver/share/spinnaker_camera_driver/package.xml
-- Installing: /home/brian-zheng/spinnaker/install/spinnaker_camera_driver/lib/libcamera_driver.so
-- Set non-toolchain portion of runtime path of "/home/brian-zheng/spinnaker/install/spinnaker_camera_driver/lib/libcamera_driver.so" to ""
-- Installing: /home/brian-zheng/spinnaker/install/spinnaker_camera_driver/lib/cmake/spinnaker_camera_driver/spinnaker_camera_driverTargets.cmake
-- Installing: /home/brian-zheng/spinnaker/install/spinnaker_camera_driver/lib/cmake/spinnaker_camera_driver/spinnaker_camera_driverTargets-relwithdebinfo.cmake
