-- The C compiler identification is GNU 13.3.0
-- The CXX compiler identification is GNU 13.3.0
-- Detecting C compiler ABI info
-- Detecting C compiler ABI info - done
-- Check for working C compiler: /usr/bin/cc - skipped
-- Detecting C compile features
-- Detecting C compile features - done
-- Detecting CXX compiler ABI info
-- Detecting CXX compiler ABI info - done
-- Check for working CXX compiler: /usr/bin/c++ - skipped
-- Detecting CXX compile features
-- Detecting CXX compile features - done
-- Found ament_cmake: 2.5.3 (/opt/ros/jazzy/share/ament_cmake/cmake)
-- Found Python3: /usr/bin/python3 (found version "3.12.3") found components: Interpreter 
-- Override CMake install command with custom implementation using symlinks instead of copying resources
-- Found ament_lint_auto: 0.17.1 (/opt/ros/jazzy/share/ament_lint_auto/cmake)
-- Added test 'copyright' to check source files copyright and LICENSE
-- Added test 'flake8' to check Python code syntax and style conventions
-- Configured 'flake8' exclude dirs and/or files: 
-- Added test 'lint_cmake' to check CMake code style
-- Added test 'pep257' to check Python code against some of the docstring style conventions in PEP 257
-- Added test 'xmllint' to check XML markup files
-- Configuring done (0.8s)
-- Generating done (0.0s)
-- Build files have been written to: /home/brian-zheng/spinnaker/build/flir_camera_description
-- Install configuration: "RelWithDebInfo"
-- Execute custom install script
-- Symlinking: /home/brian-zheng/spinnaker/install/flir_camera_description/share/flir_camera_description/launch/demo.launch.py
-- Symlinking: /home/brian-zheng/spinnaker/install/flir_camera_description/share/flir_camera_description/meshes/flir_blackfly_s.stl
-- Symlinking: /home/brian-zheng/spinnaker/install/flir_camera_description/share/flir_camera_description/urdf/demo.urdf.xacro
-- Symlinking: /home/brian-zheng/spinnaker/install/flir_camera_description/share/flir_camera_description/urdf/flir_blackfly_s.urdf.xacro
-- Symlinking: /home/brian-zheng/spinnaker/install/flir_camera_description/share/ament_index/resource_index/package_run_dependencies/flir_camera_description
-- Symlinking: /home/brian-zheng/spinnaker/install/flir_camera_description/share/ament_index/resource_index/parent_prefix_path/flir_camera_description
-- Symlinking: /home/brian-zheng/spinnaker/install/flir_camera_description/share/flir_camera_description/environment/ament_prefix_path.sh
-- Symlinking: /home/brian-zheng/spinnaker/install/flir_camera_description/share/flir_camera_description/environment/ament_prefix_path.dsv
-- Symlinking: /home/brian-zheng/spinnaker/install/flir_camera_description/share/flir_camera_description/environment/path.sh
-- Symlinking: /home/brian-zheng/spinnaker/install/flir_camera_description/share/flir_camera_description/environment/path.dsv
-- Symlinking: /home/brian-zheng/spinnaker/install/flir_camera_description/share/flir_camera_description/local_setup.bash
-- Symlinking: /home/brian-zheng/spinnaker/install/flir_camera_description/share/flir_camera_description/local_setup.sh
-- Symlinking: /home/brian-zheng/spinnaker/install/flir_camera_description/share/flir_camera_description/local_setup.zsh
-- Symlinking: /home/brian-zheng/spinnaker/install/flir_camera_description/share/flir_camera_description/local_setup.dsv
-- Symlinking: /home/brian-zheng/spinnaker/install/flir_camera_description/share/flir_camera_description/package.dsv
-- Symlinking: /home/brian-zheng/spinnaker/install/flir_camera_description/share/ament_index/resource_index/packages/flir_camera_description
-- Symlinking: /home/brian-zheng/spinnaker/install/flir_camera_description/share/flir_camera_description/cmake/flir_camera_descriptionConfig.cmake
-- Symlinking: /home/brian-zheng/spinnaker/install/flir_camera_description/share/flir_camera_description/cmake/flir_camera_descriptionConfig-version.cmake
-- Symlinking: /home/brian-zheng/spinnaker/install/flir_camera_description/share/flir_camera_description/package.xml
