-- The C compiler identification is GNU 13.3.0
-- The CXX compiler identification is GNU 13.3.0
-- Detecting C compiler ABI info
-- Detecting C compiler ABI info - done
-- Check for working C compiler: /usr/bin/cc - skipped
-- Detecting C compile features
-- Detecting C compile features - done
-- Detecting CXX compiler ABI info
-- Detecting CXX compiler ABI info - done
-- Check for working CXX compiler: /usr/bin/c++ - skipped
-- Detecting CXX compile features
-- Detecting CXX compile features - done
-- Found ament_cmake: 2.5.3 (/opt/ros/jazzy/share/ament_cmake/cmake)
-- Found Python3: /usr/bin/python3 (found version "3.12.3") found components: Interpreter 
-- Override CMake install command with custom implementation using symlinks instead of copying resources
-- Found builtin_interfaces: 2.0.2 (/opt/ros/jazzy/share/builtin_interfaces/cmake)
-- Found rosidl_generator_c: 4.6.5 (/opt/ros/jazzy/share/rosidl_generator_c/cmake)
-- Found rosidl_generator_cpp: 4.6.5 (/opt/ros/jazzy/share/rosidl_generator_cpp/cmake)
-- Using all available rosidl_typesupport_c: rosidl_typesupport_fastrtps_c;rosidl_typesupport_introspection_c
-- Using all available rosidl_typesupport_cpp: rosidl_typesupport_fastrtps_cpp;rosidl_typesupport_introspection_cpp
-- Found rosidl_default_generators: 1.6.0 (/opt/ros/jazzy/share/rosidl_default_generators/cmake)
-- Found rosidl_adapter: 4.6.5 (/opt/ros/jazzy/share/rosidl_adapter/cmake)
-- Found std_msgs: 5.3.5 (/opt/ros/jazzy/share/std_msgs/cmake)
-- Found ament_cmake_cppcheck: 0.17.1 (/opt/ros/jazzy/share/ament_cmake_cppcheck/cmake)
-- Found ament_cmake_cpplint: 0.17.1 (/opt/ros/jazzy/share/ament_cmake_cpplint/cmake)
-- Found ament_cmake_uncrustify: 0.17.1 (/opt/ros/jazzy/share/ament_cmake_uncrustify/cmake)
-- Found ament_cmake_ros: 0.12.0 (/opt/ros/jazzy/share/ament_cmake_ros/cmake)
-- Using all available rosidl_typesupport_c: rosidl_typesupport_fastrtps_c;rosidl_typesupport_introspection_c
-- Using all available rosidl_typesupport_cpp: rosidl_typesupport_fastrtps_cpp;rosidl_typesupport_introspection_cpp
-- Found python_cmake_module: 0.11.1 (/opt/ros/jazzy/share/python_cmake_module/cmake)
-- Found PythonExtra: /usr/bin/python3  
-- Found Python3: /usr/bin/python3 (found version "3.12.3") found components: Interpreter Development NumPy Development.Module Development.Embed 
-- Found ament_cmake_flake8: 0.17.1 (/opt/ros/jazzy/share/ament_cmake_flake8/cmake)
-- Found ament_cmake_pep257: 0.17.1 (/opt/ros/jazzy/share/ament_cmake_pep257/cmake)
-- Found ament_cmake_copyright: 0.17.1 (/opt/ros/jazzy/share/ament_cmake_copyright/cmake)
-- Found ament_cmake_lint_cmake: 0.17.1 (/opt/ros/jazzy/share/ament_cmake_lint_cmake/cmake)
-- Found ament_cmake_xmllint: 0.17.1 (/opt/ros/jazzy/share/ament_cmake_xmllint/cmake)
-- Configuring done (2.6s)
-- Generating done (0.0s)
-- Build files have been written to: /home/brian-zheng/spinnaker/build/flir_camera_msgs
[  2%] [34m[1mGenerating type hashes for ROS interfaces[0m
[  2%] Built target ament_cmake_python_symlink_flir_camera_msgs
running egg_info
creating flir_camera_msgs.egg-info
writing flir_camera_msgs.egg-info/PKG-INFO
writing dependency_links to flir_camera_msgs.egg-info/dependency_links.txt
writing top-level names to flir_camera_msgs.egg-info/top_level.txt
writing manifest file 'flir_camera_msgs.egg-info/SOURCES.txt'
[  2%] Built target flir_camera_msgs__rosidl_generator_type_description
[  4%] [34m[1mGenerating C code for ROS interfaces[0m
reading manifest file 'flir_camera_msgs.egg-info/SOURCES.txt'
writing manifest file 'flir_camera_msgs.egg-info/SOURCES.txt'
[  6%] [34m[1mGenerating C++ code for ROS interfaces[0m
[  6%] Built target ament_cmake_python_build_flir_camera_msgs_egg
[  6%] Built target flir_camera_msgs__cpp
[  9%] [32mBuilding C object CMakeFiles/flir_camera_msgs__rosidl_generator_c.dir/rosidl_generator_c/flir_camera_msgs/msg/detail/camera_control__functions.c.o[0m
[ 11%] [32mBuilding C object CMakeFiles/flir_camera_msgs__rosidl_generator_c.dir/rosidl_generator_c/flir_camera_msgs/msg/detail/camera_control__type_support.c.o[0m
[ 13%] [32mBuilding C object CMakeFiles/flir_camera_msgs__rosidl_generator_c.dir/rosidl_generator_c/flir_camera_msgs/msg/detail/image_meta_data__description.c.o[0m
[ 15%] [32mBuilding C object CMakeFiles/flir_camera_msgs__rosidl_generator_c.dir/rosidl_generator_c/flir_camera_msgs/msg/detail/image_meta_data__functions.c.o[0m
[ 20%] [32mBuilding C object CMakeFiles/flir_camera_msgs__rosidl_generator_c.dir/rosidl_generator_c/flir_camera_msgs/msg/detail/image_meta_data__type_support.c.o[0m
[ 20%] [32mBuilding C object CMakeFiles/flir_camera_msgs__rosidl_generator_c.dir/rosidl_generator_c/flir_camera_msgs/msg/detail/camera_control__description.c.o[0m
[ 22%] [32m[1mLinking C shared library libflir_camera_msgs__rosidl_generator_c.so[0m
[ 22%] Built target flir_camera_msgs__rosidl_generator_c
[ 27%] [34m[1mGenerating C++ introspection for ROS interfaces[0m
[ 27%] [34m[1mGenerating C++ type support dispatch for ROS interfaces[0m
[ 29%] [34m[1mGenerating C type support for eProsima Fast-RTPS[0m
[ 31%] [34m[1mGenerating C type support dispatch for ROS interfaces[0m
[ 36%] [34m[1mGenerating C++ type support for eProsima Fast-RTPS[0m
[ 36%] [34m[1mGenerating C introspection for ROS interfaces[0m
[ 38%] [32mBuilding CXX object CMakeFiles/flir_camera_msgs__rosidl_typesupport_c.dir/rosidl_typesupport_c/flir_camera_msgs/msg/camera_control__type_support.cpp.o[0m
[ 40%] [32mBuilding CXX object CMakeFiles/flir_camera_msgs__rosidl_typesupport_cpp.dir/rosidl_typesupport_cpp/flir_camera_msgs/msg/camera_control__type_support.cpp.o[0m
[ 43%] [32mBuilding CXX object CMakeFiles/flir_camera_msgs__rosidl_typesupport_cpp.dir/rosidl_typesupport_cpp/flir_camera_msgs/msg/image_meta_data__type_support.cpp.o[0m
[ 45%] [32mBuilding CXX object CMakeFiles/flir_camera_msgs__rosidl_typesupport_c.dir/rosidl_typesupport_c/flir_camera_msgs/msg/image_meta_data__type_support.cpp.o[0m
[ 47%] [32mBuilding C object CMakeFiles/flir_camera_msgs__rosidl_typesupport_introspection_c.dir/rosidl_typesupport_introspection_c/flir_camera_msgs/msg/detail/camera_control__type_support.c.o[0m
[ 50%] [32mBuilding CXX object CMakeFiles/flir_camera_msgs__rosidl_typesupport_introspection_cpp.dir/rosidl_typesupport_introspection_cpp/flir_camera_msgs/msg/detail/image_meta_data__type_support.cpp.o[0m
[ 52%] [32mBuilding C object CMakeFiles/flir_camera_msgs__rosidl_typesupport_introspection_c.dir/rosidl_typesupport_introspection_c/flir_camera_msgs/msg/detail/image_meta_data__type_support.c.o[0m
[ 54%] [32mBuilding CXX object CMakeFiles/flir_camera_msgs__rosidl_typesupport_introspection_cpp.dir/rosidl_typesupport_introspection_cpp/flir_camera_msgs/msg/detail/camera_control__type_support.cpp.o[0m
[ 59%] [32mBuilding CXX object CMakeFiles/flir_camera_msgs__rosidl_typesupport_fastrtps_cpp.dir/rosidl_typesupport_fastrtps_cpp/flir_camera_msgs/msg/detail/dds_fastrtps/camera_control__type_support.cpp.o[0m
[ 59%] [32mBuilding CXX object CMakeFiles/flir_camera_msgs__rosidl_typesupport_fastrtps_cpp.dir/rosidl_typesupport_fastrtps_cpp/flir_camera_msgs/msg/detail/dds_fastrtps/image_meta_data__type_support.cpp.o[0m
[ 63%] [32mBuilding CXX object CMakeFiles/flir_camera_msgs__rosidl_typesupport_fastrtps_c.dir/rosidl_typesupport_fastrtps_c/flir_camera_msgs/msg/detail/image_meta_data__type_support_c.cpp.o[0m
[ 63%] [32mBuilding CXX object CMakeFiles/flir_camera_msgs__rosidl_typesupport_fastrtps_c.dir/rosidl_typesupport_fastrtps_c/flir_camera_msgs/msg/detail/camera_control__type_support_c.cpp.o[0m
[ 65%] [32m[1mLinking C shared library libflir_camera_msgs__rosidl_typesupport_introspection_c.so[0m
[ 68%] [32m[1mLinking CXX shared library libflir_camera_msgs__rosidl_typesupport_c.so[0m
[ 68%] Built target flir_camera_msgs__rosidl_typesupport_introspection_c
[ 68%] Built target flir_camera_msgs__rosidl_typesupport_c
[ 70%] [32m[1mLinking CXX shared library libflir_camera_msgs__rosidl_typesupport_cpp.so[0m
[ 70%] Built target flir_camera_msgs__rosidl_typesupport_cpp
[ 72%] [32m[1mLinking CXX shared library libflir_camera_msgs__rosidl_typesupport_introspection_cpp.so[0m
[ 72%] Built target flir_camera_msgs__rosidl_typesupport_introspection_cpp
[ 75%] [32m[1mLinking CXX shared library libflir_camera_msgs__rosidl_typesupport_fastrtps_c.so[0m
[ 75%] Built target flir_camera_msgs__rosidl_typesupport_fastrtps_c
[ 77%] [32m[1mLinking CXX shared library libflir_camera_msgs__rosidl_typesupport_fastrtps_cpp.so[0m
[ 77%] Built target flir_camera_msgs__rosidl_typesupport_fastrtps_cpp
[ 77%] Built target flir_camera_msgs
[ 79%] [34m[1mGenerating Python code for ROS interfaces[0m
[ 79%] Built target flir_camera_msgs__py
[ 81%] [32mBuilding C object CMakeFiles/flir_camera_msgs__rosidl_generator_py.dir/rosidl_generator_py/flir_camera_msgs/msg/_image_meta_data_s.c.o[0m
[ 84%] [32mBuilding C object CMakeFiles/flir_camera_msgs__rosidl_generator_py.dir/rosidl_generator_py/flir_camera_msgs/msg/_camera_control_s.c.o[0m
[ 86%] [32m[1mLinking C shared library libflir_camera_msgs__rosidl_generator_py.so[0m
[ 86%] Built target flir_camera_msgs__rosidl_generator_py
[ 88%] [32mBuilding C object CMakeFiles/flir_camera_msgs_s__rosidl_typesupport_introspection_c.dir/rosidl_generator_py/flir_camera_msgs/_flir_camera_msgs_s.ep.rosidl_typesupport_introspection_c.c.o[0m
[ 90%] [32mBuilding C object CMakeFiles/flir_camera_msgs_s__rosidl_typesupport_c.dir/rosidl_generator_py/flir_camera_msgs/_flir_camera_msgs_s.ep.rosidl_typesupport_c.c.o[0m
[ 93%] [32mBuilding C object CMakeFiles/flir_camera_msgs_s__rosidl_typesupport_fastrtps_c.dir/rosidl_generator_py/flir_camera_msgs/_flir_camera_msgs_s.ep.rosidl_typesupport_fastrtps_c.c.o[0m
[ 95%] [32m[1mLinking C shared module rosidl_generator_py/flir_camera_msgs/flir_camera_msgs_s__rosidl_typesupport_c.so[0m
[ 97%] [32m[1mLinking C shared module rosidl_generator_py/flir_camera_msgs/flir_camera_msgs_s__rosidl_typesupport_fastrtps_c.so[0m
[100%] [32m[1mLinking C shared module rosidl_generator_py/flir_camera_msgs/flir_camera_msgs_s__rosidl_typesupport_introspection_c.so[0m
[100%] Built target flir_camera_msgs_s__rosidl_typesupport_fastrtps_c
[100%] Built target flir_camera_msgs_s__rosidl_typesupport_c
[100%] Built target flir_camera_msgs_s__rosidl_typesupport_introspection_c
-- Install configuration: "RelWithDebInfo"
-- Execute custom install script
-- Symlinking: /home/brian-zheng/spinnaker/install/flir_camera_msgs/share/ament_index/resource_index/rosidl_interfaces/flir_camera_msgs
-- Symlinking: /home/brian-zheng/spinnaker/install/flir_camera_msgs/share/flir_camera_msgs/msg/ImageMetaData.json
-- Symlinking: /home/brian-zheng/spinnaker/install/flir_camera_msgs/share/flir_camera_msgs/msg/CameraControl.json
-- Symlinking: /home/brian-zheng/spinnaker/install/flir_camera_msgs/include/flir_camera_msgs/flir_camera_msgs/msg/camera_control.h
-- Symlinking: /home/brian-zheng/spinnaker/install/flir_camera_msgs/include/flir_camera_msgs/flir_camera_msgs/msg/detail/camera_control__functions.h
-- Symlinking: /home/brian-zheng/spinnaker/install/flir_camera_msgs/include/flir_camera_msgs/flir_camera_msgs/msg/detail/camera_control__struct.h
-- Symlinking: /home/brian-zheng/spinnaker/install/flir_camera_msgs/include/flir_camera_msgs/flir_camera_msgs/msg/detail/camera_control__type_support.h
-- Symlinking: /home/brian-zheng/spinnaker/install/flir_camera_msgs/include/flir_camera_msgs/flir_camera_msgs/msg/detail/image_meta_data__functions.h
-- Symlinking: /home/brian-zheng/spinnaker/install/flir_camera_msgs/include/flir_camera_msgs/flir_camera_msgs/msg/detail/image_meta_data__struct.h
-- Symlinking: /home/brian-zheng/spinnaker/install/flir_camera_msgs/include/flir_camera_msgs/flir_camera_msgs/msg/detail/image_meta_data__type_support.h
-- Symlinking: /home/brian-zheng/spinnaker/install/flir_camera_msgs/include/flir_camera_msgs/flir_camera_msgs/msg/image_meta_data.h
-- Symlinking: /home/brian-zheng/spinnaker/install/flir_camera_msgs/include/flir_camera_msgs/flir_camera_msgs/msg/rosidl_generator_c__visibility_control.h
-- Symlinking: /home/brian-zheng/spinnaker/install/flir_camera_msgs/share/flir_camera_msgs/environment/library_path.sh
-- Symlinking: /home/brian-zheng/spinnaker/install/flir_camera_msgs/share/flir_camera_msgs/environment/library_path.dsv
-- Symlinking: /home/brian-zheng/spinnaker/install/flir_camera_msgs/include/flir_camera_msgs/flir_camera_msgs/msg/detail/camera_control__rosidl_typesupport_fastrtps_c.h
-- Symlinking: /home/brian-zheng/spinnaker/install/flir_camera_msgs/include/flir_camera_msgs/flir_camera_msgs/msg/detail/image_meta_data__rosidl_typesupport_fastrtps_c.h
-- Symlinking: /home/brian-zheng/spinnaker/install/flir_camera_msgs/include/flir_camera_msgs/flir_camera_msgs/msg/rosidl_typesupport_fastrtps_c__visibility_control.h
-- Symlinking: /home/brian-zheng/spinnaker/install/flir_camera_msgs/include/flir_camera_msgs/flir_camera_msgs/msg/camera_control.hpp
-- Symlinking: /home/brian-zheng/spinnaker/install/flir_camera_msgs/include/flir_camera_msgs/flir_camera_msgs/msg/detail/camera_control__builder.hpp
-- Symlinking: /home/brian-zheng/spinnaker/install/flir_camera_msgs/include/flir_camera_msgs/flir_camera_msgs/msg/detail/camera_control__struct.hpp
-- Symlinking: /home/brian-zheng/spinnaker/install/flir_camera_msgs/include/flir_camera_msgs/flir_camera_msgs/msg/detail/camera_control__traits.hpp
-- Symlinking: /home/brian-zheng/spinnaker/install/flir_camera_msgs/include/flir_camera_msgs/flir_camera_msgs/msg/detail/camera_control__type_support.hpp
-- Symlinking: /home/brian-zheng/spinnaker/install/flir_camera_msgs/include/flir_camera_msgs/flir_camera_msgs/msg/detail/image_meta_data__builder.hpp
-- Symlinking: /home/brian-zheng/spinnaker/install/flir_camera_msgs/include/flir_camera_msgs/flir_camera_msgs/msg/detail/image_meta_data__struct.hpp
-- Symlinking: /home/brian-zheng/spinnaker/install/flir_camera_msgs/include/flir_camera_msgs/flir_camera_msgs/msg/detail/image_meta_data__traits.hpp
-- Symlinking: /home/brian-zheng/spinnaker/install/flir_camera_msgs/include/flir_camera_msgs/flir_camera_msgs/msg/detail/image_meta_data__type_support.hpp
-- Symlinking: /home/brian-zheng/spinnaker/install/flir_camera_msgs/include/flir_camera_msgs/flir_camera_msgs/msg/image_meta_data.hpp
-- Symlinking: /home/brian-zheng/spinnaker/install/flir_camera_msgs/include/flir_camera_msgs/flir_camera_msgs/msg/rosidl_generator_cpp__visibility_control.hpp
-- Symlinking: /home/brian-zheng/spinnaker/install/flir_camera_msgs/include/flir_camera_msgs/flir_camera_msgs/msg/detail/camera_control__rosidl_typesupport_fastrtps_cpp.hpp
-- Symlinking: /home/brian-zheng/spinnaker/install/flir_camera_msgs/include/flir_camera_msgs/flir_camera_msgs/msg/detail/image_meta_data__rosidl_typesupport_fastrtps_cpp.hpp
-- Symlinking: /home/brian-zheng/spinnaker/install/flir_camera_msgs/include/flir_camera_msgs/flir_camera_msgs/msg/rosidl_typesupport_fastrtps_cpp__visibility_control.h
-- Symlinking: /home/brian-zheng/spinnaker/install/flir_camera_msgs/include/flir_camera_msgs/flir_camera_msgs/msg/detail/camera_control__rosidl_typesupport_introspection_c.h
-- Symlinking: /home/brian-zheng/spinnaker/install/flir_camera_msgs/include/flir_camera_msgs/flir_camera_msgs/msg/detail/image_meta_data__rosidl_typesupport_introspection_c.h
-- Symlinking: /home/brian-zheng/spinnaker/install/flir_camera_msgs/include/flir_camera_msgs/flir_camera_msgs/msg/rosidl_typesupport_introspection_c__visibility_control.h
-- Symlinking: /home/brian-zheng/spinnaker/install/flir_camera_msgs/include/flir_camera_msgs/flir_camera_msgs/msg/detail/camera_control__rosidl_typesupport_introspection_cpp.hpp
-- Symlinking: /home/brian-zheng/spinnaker/install/flir_camera_msgs/include/flir_camera_msgs/flir_camera_msgs/msg/detail/image_meta_data__rosidl_typesupport_introspection_cpp.hpp
-- Symlinking: /home/brian-zheng/spinnaker/install/flir_camera_msgs/share/flir_camera_msgs/environment/pythonpath.sh
-- Symlinking: /home/brian-zheng/spinnaker/install/flir_camera_msgs/share/flir_camera_msgs/environment/pythonpath.dsv
-- Symlinking: /home/brian-zheng/spinnaker/install/flir_camera_msgs/lib/python3.12/site-packages/flir_camera_msgs-2.0.8-py3.12.egg-info/PKG-INFO
-- Symlinking: /home/brian-zheng/spinnaker/install/flir_camera_msgs/lib/python3.12/site-packages/flir_camera_msgs-2.0.8-py3.12.egg-info/SOURCES.txt
-- Symlinking: /home/brian-zheng/spinnaker/install/flir_camera_msgs/lib/python3.12/site-packages/flir_camera_msgs-2.0.8-py3.12.egg-info/dependency_links.txt
-- Symlinking: /home/brian-zheng/spinnaker/install/flir_camera_msgs/lib/python3.12/site-packages/flir_camera_msgs-2.0.8-py3.12.egg-info/top_level.txt
-- Symlinking: /home/brian-zheng/spinnaker/install/flir_camera_msgs/lib/python3.12/site-packages/flir_camera_msgs/__init__.py
-- Symlinking: /home/brian-zheng/spinnaker/install/flir_camera_msgs/lib/python3.12/site-packages/flir_camera_msgs/_flir_camera_msgs_s.ep.rosidl_typesupport_c.c
-- Symlinking: /home/brian-zheng/spinnaker/install/flir_camera_msgs/lib/python3.12/site-packages/flir_camera_msgs/_flir_camera_msgs_s.ep.rosidl_typesupport_fastrtps_c.c
-- Symlinking: /home/brian-zheng/spinnaker/install/flir_camera_msgs/lib/python3.12/site-packages/flir_camera_msgs/_flir_camera_msgs_s.ep.rosidl_typesupport_introspection_c.c
-- Symlinking: /home/brian-zheng/spinnaker/install/flir_camera_msgs/lib/python3.12/site-packages/flir_camera_msgs/flir_camera_msgs_s__rosidl_typesupport_c.so
-- Symlinking: /home/brian-zheng/spinnaker/install/flir_camera_msgs/lib/python3.12/site-packages/flir_camera_msgs/flir_camera_msgs_s__rosidl_typesupport_fastrtps_c.so
-- Symlinking: /home/brian-zheng/spinnaker/install/flir_camera_msgs/lib/python3.12/site-packages/flir_camera_msgs/flir_camera_msgs_s__rosidl_typesupport_introspection_c.so
-- Symlinking: /home/brian-zheng/spinnaker/install/flir_camera_msgs/lib/python3.12/site-packages/flir_camera_msgs/msg/__init__.py
-- Symlinking: /home/brian-zheng/spinnaker/install/flir_camera_msgs/lib/python3.12/site-packages/flir_camera_msgs/msg/_camera_control.py
-- Symlinking: /home/brian-zheng/spinnaker/install/flir_camera_msgs/lib/python3.12/site-packages/flir_camera_msgs/msg/_camera_control_s.c
-- Symlinking: /home/brian-zheng/spinnaker/install/flir_camera_msgs/lib/python3.12/site-packages/flir_camera_msgs/msg/_image_meta_data.py
-- Symlinking: /home/brian-zheng/spinnaker/install/flir_camera_msgs/lib/python3.12/site-packages/flir_camera_msgs/msg/_image_meta_data_s.c
-- Up-to-date symlink: /home/brian-zheng/spinnaker/install/flir_camera_msgs/lib/python3.12/site-packages/flir_camera_msgs/flir_camera_msgs_s__rosidl_typesupport_fastrtps_c.so
-- Up-to-date symlink: /home/brian-zheng/spinnaker/install/flir_camera_msgs/lib/python3.12/site-packages/flir_camera_msgs/flir_camera_msgs_s__rosidl_typesupport_introspection_c.so
-- Up-to-date symlink: /home/brian-zheng/spinnaker/install/flir_camera_msgs/lib/python3.12/site-packages/flir_camera_msgs/flir_camera_msgs_s__rosidl_typesupport_c.so
-- Symlinking: /home/brian-zheng/spinnaker/install/flir_camera_msgs/share/flir_camera_msgs/msg/ImageMetaData.idl
-- Symlinking: /home/brian-zheng/spinnaker/install/flir_camera_msgs/share/flir_camera_msgs/msg/CameraControl.idl
-- Symlinking: /home/brian-zheng/spinnaker/install/flir_camera_msgs/share/flir_camera_msgs/msg/ImageMetaData.msg
-- Symlinking: /home/brian-zheng/spinnaker/install/flir_camera_msgs/share/flir_camera_msgs/msg/CameraControl.msg
-- Symlinking: /home/brian-zheng/spinnaker/install/flir_camera_msgs/share/ament_index/resource_index/package_run_dependencies/flir_camera_msgs
-- Symlinking: /home/brian-zheng/spinnaker/install/flir_camera_msgs/share/ament_index/resource_index/parent_prefix_path/flir_camera_msgs
-- Symlinking: /home/brian-zheng/spinnaker/install/flir_camera_msgs/share/flir_camera_msgs/environment/ament_prefix_path.sh
-- Symlinking: /home/brian-zheng/spinnaker/install/flir_camera_msgs/share/flir_camera_msgs/environment/ament_prefix_path.dsv
-- Symlinking: /home/brian-zheng/spinnaker/install/flir_camera_msgs/share/flir_camera_msgs/environment/path.sh
-- Symlinking: /home/brian-zheng/spinnaker/install/flir_camera_msgs/share/flir_camera_msgs/environment/path.dsv
-- Symlinking: /home/brian-zheng/spinnaker/install/flir_camera_msgs/share/flir_camera_msgs/local_setup.bash
-- Symlinking: /home/brian-zheng/spinnaker/install/flir_camera_msgs/share/flir_camera_msgs/local_setup.sh
-- Symlinking: /home/brian-zheng/spinnaker/install/flir_camera_msgs/share/flir_camera_msgs/local_setup.zsh
-- Symlinking: /home/brian-zheng/spinnaker/install/flir_camera_msgs/share/flir_camera_msgs/local_setup.dsv
-- Symlinking: /home/brian-zheng/spinnaker/install/flir_camera_msgs/share/flir_camera_msgs/package.dsv
-- Symlinking: /home/brian-zheng/spinnaker/install/flir_camera_msgs/share/ament_index/resource_index/packages/flir_camera_msgs
-- Symlinking: /home/brian-zheng/spinnaker/install/flir_camera_msgs/share/flir_camera_msgs/cmake/rosidl_cmake-extras.cmake
-- Symlinking: /home/brian-zheng/spinnaker/install/flir_camera_msgs/share/flir_camera_msgs/cmake/ament_cmake_export_dependencies-extras.cmake
-- Symlinking: /home/brian-zheng/spinnaker/install/flir_camera_msgs/share/flir_camera_msgs/cmake/ament_cmake_export_include_directories-extras.cmake
-- Symlinking: /home/brian-zheng/spinnaker/install/flir_camera_msgs/share/flir_camera_msgs/cmake/ament_cmake_export_libraries-extras.cmake
-- Symlinking: /home/brian-zheng/spinnaker/install/flir_camera_msgs/share/flir_camera_msgs/cmake/ament_cmake_export_targets-extras.cmake
-- Symlinking: /home/brian-zheng/spinnaker/install/flir_camera_msgs/share/flir_camera_msgs/cmake/rosidl_cmake_export_typesupport_targets-extras.cmake
-- Symlinking: /home/brian-zheng/spinnaker/install/flir_camera_msgs/share/flir_camera_msgs/cmake/rosidl_cmake_export_typesupport_libraries-extras.cmake
-- Symlinking: /home/brian-zheng/spinnaker/install/flir_camera_msgs/share/flir_camera_msgs/cmake/flir_camera_msgsConfig.cmake
-- Symlinking: /home/brian-zheng/spinnaker/install/flir_camera_msgs/share/flir_camera_msgs/cmake/flir_camera_msgsConfig-version.cmake
-- Symlinking: /home/brian-zheng/spinnaker/install/flir_camera_msgs/share/flir_camera_msgs/package.xml
-- Installing: /home/brian-zheng/spinnaker/install/flir_camera_msgs/lib/libflir_camera_msgs__rosidl_generator_c.so
-- Set non-toolchain portion of runtime path of "/home/brian-zheng/spinnaker/install/flir_camera_msgs/lib/libflir_camera_msgs__rosidl_generator_c.so" to ""
-- Installing: /home/brian-zheng/spinnaker/install/flir_camera_msgs/lib/libflir_camera_msgs__rosidl_typesupport_fastrtps_c.so
-- Set non-toolchain portion of runtime path of "/home/brian-zheng/spinnaker/install/flir_camera_msgs/lib/libflir_camera_msgs__rosidl_typesupport_fastrtps_c.so" to ""
-- Installing: /home/brian-zheng/spinnaker/install/flir_camera_msgs/lib/libflir_camera_msgs__rosidl_typesupport_fastrtps_cpp.so
-- Set non-toolchain portion of runtime path of "/home/brian-zheng/spinnaker/install/flir_camera_msgs/lib/libflir_camera_msgs__rosidl_typesupport_fastrtps_cpp.so" to ""
-- Installing: /home/brian-zheng/spinnaker/install/flir_camera_msgs/lib/libflir_camera_msgs__rosidl_typesupport_introspection_c.so
-- Set non-toolchain portion of runtime path of "/home/brian-zheng/spinnaker/install/flir_camera_msgs/lib/libflir_camera_msgs__rosidl_typesupport_introspection_c.so" to ""
-- Installing: /home/brian-zheng/spinnaker/install/flir_camera_msgs/lib/libflir_camera_msgs__rosidl_typesupport_c.so
-- Set non-toolchain portion of runtime path of "/home/brian-zheng/spinnaker/install/flir_camera_msgs/lib/libflir_camera_msgs__rosidl_typesupport_c.so" to ""
-- Installing: /home/brian-zheng/spinnaker/install/flir_camera_msgs/lib/libflir_camera_msgs__rosidl_typesupport_introspection_cpp.so
-- Set non-toolchain portion of runtime path of "/home/brian-zheng/spinnaker/install/flir_camera_msgs/lib/libflir_camera_msgs__rosidl_typesupport_introspection_cpp.so" to ""
-- Installing: /home/brian-zheng/spinnaker/install/flir_camera_msgs/lib/libflir_camera_msgs__rosidl_typesupport_cpp.so
-- Set non-toolchain portion of runtime path of "/home/brian-zheng/spinnaker/install/flir_camera_msgs/lib/libflir_camera_msgs__rosidl_typesupport_cpp.so" to ""
Listing '/home/brian-zheng/spinnaker/install/flir_camera_msgs/lib/python3.12/site-packages/flir_camera_msgs'...
Compiling '/home/brian-zheng/spinnaker/install/flir_camera_msgs/lib/python3.12/site-packages/flir_camera_msgs/__init__.py'...
Listing '/home/brian-zheng/spinnaker/install/flir_camera_msgs/lib/python3.12/site-packages/flir_camera_msgs/msg'...
Compiling '/home/brian-zheng/spinnaker/install/flir_camera_msgs/lib/python3.12/site-packages/flir_camera_msgs/msg/__init__.py'...
Compiling '/home/brian-zheng/spinnaker/install/flir_camera_msgs/lib/python3.12/site-packages/flir_camera_msgs/msg/_camera_control.py'...
Compiling '/home/brian-zheng/spinnaker/install/flir_camera_msgs/lib/python3.12/site-packages/flir_camera_msgs/msg/_image_meta_data.py'...
-- Installing: /home/brian-zheng/spinnaker/install/flir_camera_msgs/lib/libflir_camera_msgs__rosidl_generator_py.so
-- Set non-toolchain portion of runtime path of "/home/brian-zheng/spinnaker/install/flir_camera_msgs/lib/libflir_camera_msgs__rosidl_generator_py.so" to ""
-- Installing: /home/brian-zheng/spinnaker/install/flir_camera_msgs/share/flir_camera_msgs/cmake/export_flir_camera_msgs__rosidl_generator_cExport.cmake
-- Installing: /home/brian-zheng/spinnaker/install/flir_camera_msgs/share/flir_camera_msgs/cmake/export_flir_camera_msgs__rosidl_generator_cExport-relwithdebinfo.cmake
-- Installing: /home/brian-zheng/spinnaker/install/flir_camera_msgs/share/flir_camera_msgs/cmake/export_flir_camera_msgs__rosidl_typesupport_fastrtps_cExport.cmake
-- Installing: /home/brian-zheng/spinnaker/install/flir_camera_msgs/share/flir_camera_msgs/cmake/export_flir_camera_msgs__rosidl_typesupport_fastrtps_cExport-relwithdebinfo.cmake
-- Installing: /home/brian-zheng/spinnaker/install/flir_camera_msgs/share/flir_camera_msgs/cmake/export_flir_camera_msgs__rosidl_generator_cppExport.cmake
-- Installing: /home/brian-zheng/spinnaker/install/flir_camera_msgs/share/flir_camera_msgs/cmake/export_flir_camera_msgs__rosidl_typesupport_fastrtps_cppExport.cmake
-- Installing: /home/brian-zheng/spinnaker/install/flir_camera_msgs/share/flir_camera_msgs/cmake/export_flir_camera_msgs__rosidl_typesupport_fastrtps_cppExport-relwithdebinfo.cmake
-- Installing: /home/brian-zheng/spinnaker/install/flir_camera_msgs/share/flir_camera_msgs/cmake/flir_camera_msgs__rosidl_typesupport_introspection_cExport.cmake
-- Installing: /home/brian-zheng/spinnaker/install/flir_camera_msgs/share/flir_camera_msgs/cmake/flir_camera_msgs__rosidl_typesupport_introspection_cExport-relwithdebinfo.cmake
-- Installing: /home/brian-zheng/spinnaker/install/flir_camera_msgs/share/flir_camera_msgs/cmake/flir_camera_msgs__rosidl_typesupport_cExport.cmake
-- Installing: /home/brian-zheng/spinnaker/install/flir_camera_msgs/share/flir_camera_msgs/cmake/flir_camera_msgs__rosidl_typesupport_cExport-relwithdebinfo.cmake
-- Installing: /home/brian-zheng/spinnaker/install/flir_camera_msgs/share/flir_camera_msgs/cmake/flir_camera_msgs__rosidl_typesupport_introspection_cppExport.cmake
-- Installing: /home/brian-zheng/spinnaker/install/flir_camera_msgs/share/flir_camera_msgs/cmake/flir_camera_msgs__rosidl_typesupport_introspection_cppExport-relwithdebinfo.cmake
-- Installing: /home/brian-zheng/spinnaker/install/flir_camera_msgs/share/flir_camera_msgs/cmake/flir_camera_msgs__rosidl_typesupport_cppExport.cmake
-- Installing: /home/brian-zheng/spinnaker/install/flir_camera_msgs/share/flir_camera_msgs/cmake/flir_camera_msgs__rosidl_typesupport_cppExport-relwithdebinfo.cmake
-- Installing: /home/brian-zheng/spinnaker/install/flir_camera_msgs/share/flir_camera_msgs/cmake/export_flir_camera_msgs__rosidl_generator_pyExport.cmake
-- Installing: /home/brian-zheng/spinnaker/install/flir_camera_msgs/share/flir_camera_msgs/cmake/export_flir_camera_msgs__rosidl_generator_pyExport-relwithdebinfo.cmake
