[0.089s] DEBUG:colcon:Command line arguments: ['/usr/bin/colcon', 'build', '--symlink-install', '--cmake-args', '-DCMAKE_BUILD_TYPE=RelWithDebInfo', '-DCMAKE_EXPORT_COMPILE_COMMANDS=ON']
[0.090s] DEBUG:colcon:Parsed command line arguments: Namespace(log_base=None, log_level=None, verb_name='build', build_base='build', install_base='install', merge_install=False, symlink_install=True, test_result_base=None, continue_on_error=False, executor='parallel', parallel_workers=20, event_handlers=None, ignore_user_meta=False, metas=['./colcon.meta'], base_paths=['.'], packages_ignore=None, packages_ignore_regex=None, paths=None, packages_up_to=None, packages_up_to_regex=None, packages_above=None, packages_above_and_dependencies=None, packages_above_depth=None, packages_select_by_dep=None, packages_skip_by_dep=None, packages_skip_up_to=None, packages_select_build_failed=False, packages_skip_build_finished=False, packages_select_test_failures=False, packages_skip_test_passed=False, packages_select=None, packages_skip=None, packages_select_regex=None, packages_skip_regex=None, packages_start=None, packages_end=None, allow_overriding=[], cmake_args=['-DCMAKE_BUILD_TYPE=RelWithDebInfo', '-DCMAKE_EXPORT_COMPILE_COMMANDS=ON'], cmake_target=None, cmake_target_skip_unavailable=False, cmake_clean_cache=False, cmake_clean_first=False, cmake_force_configure=False, ament_cmake_args=None, catkin_cmake_args=None, catkin_skip_building_tests=False, mixin_files=None, mixin=None, verb_parser=<colcon_mixin.mixin.mixin_argument.MixinArgumentDecorator object at 0x7fe24be84740>, verb_extension=<colcon_core.verb.build.BuildVerb object at 0x7fe24be84440>, main=<bound method BuildVerb.main of <colcon_core.verb.build.BuildVerb object at 0x7fe24be84440>>, mixin_verb=('build',))
[0.113s] Level 1:colcon.colcon_core.package_discovery:discover_packages(colcon_meta) check parameters
[0.114s] Level 1:colcon.colcon_core.package_discovery:discover_packages(recursive) check parameters
[0.114s] Level 1:colcon.colcon_core.package_discovery:discover_packages(ignore) check parameters
[0.114s] Level 1:colcon.colcon_core.package_discovery:discover_packages(path) check parameters
[0.114s] Level 1:colcon.colcon_core.package_discovery:discover_packages(colcon_meta) discover
[0.114s] Level 1:colcon.colcon_core.package_discovery:discover_packages(recursive) discover
[0.114s] INFO:colcon.colcon_core.package_discovery:Crawling recursively for packages in '/home/brian-zheng/spinnaker'
[0.114s] Level 1:colcon.colcon_core.package_identification:_identify(.) by extensions ['ignore', 'ignore_ament_install']
[0.114s] Level 1:colcon.colcon_core.package_identification:_identify(.) by extension 'ignore'
[0.114s] Level 1:colcon.colcon_core.package_identification:_identify(.) by extension 'ignore_ament_install'
[0.114s] Level 1:colcon.colcon_core.package_identification:_identify(.) by extensions ['colcon_pkg']
[0.114s] Level 1:colcon.colcon_core.package_identification:_identify(.) by extension 'colcon_pkg'
[0.114s] Level 1:colcon.colcon_core.package_identification:_identify(.) by extensions ['colcon_meta']
[0.114s] Level 1:colcon.colcon_core.package_identification:_identify(.) by extension 'colcon_meta'
[0.114s] Level 1:colcon.colcon_core.package_identification:_identify(.) by extensions ['ros']
[0.114s] Level 1:colcon.colcon_core.package_identification:_identify(.) by extension 'ros'
[0.129s] Level 1:colcon.colcon_core.package_identification:_identify(.) by extensions ['cmake', 'python']
[0.129s] Level 1:colcon.colcon_core.package_identification:_identify(.) by extension 'cmake'
[0.129s] Level 1:colcon.colcon_core.package_identification:_identify(.) by extension 'python'
[0.129s] Level 1:colcon.colcon_core.package_identification:_identify(.) by extensions ['python_setup_py']
[0.129s] Level 1:colcon.colcon_core.package_identification:_identify(.) by extension 'python_setup_py'
[0.129s] Level 1:colcon.colcon_core.package_identification:_identify(build) by extensions ['ignore', 'ignore_ament_install']
[0.129s] Level 1:colcon.colcon_core.package_identification:_identify(build) by extension 'ignore'
[0.129s] Level 1:colcon.colcon_core.package_identification:_identify(build) ignored
[0.129s] Level 1:colcon.colcon_core.package_identification:_identify(install) by extensions ['ignore', 'ignore_ament_install']
[0.129s] Level 1:colcon.colcon_core.package_identification:_identify(install) by extension 'ignore'
[0.129s] Level 1:colcon.colcon_core.package_identification:_identify(install) ignored
[0.129s] Level 1:colcon.colcon_core.package_identification:_identify(log) by extensions ['ignore', 'ignore_ament_install']
[0.129s] Level 1:colcon.colcon_core.package_identification:_identify(log) by extension 'ignore'
[0.129s] Level 1:colcon.colcon_core.package_identification:_identify(log) ignored
[0.129s] Level 1:colcon.colcon_core.package_identification:_identify(src) by extensions ['ignore', 'ignore_ament_install']
[0.129s] Level 1:colcon.colcon_core.package_identification:_identify(src) by extension 'ignore'
[0.129s] Level 1:colcon.colcon_core.package_identification:_identify(src) by extension 'ignore_ament_install'
[0.129s] Level 1:colcon.colcon_core.package_identification:_identify(src) by extensions ['colcon_pkg']
[0.129s] Level 1:colcon.colcon_core.package_identification:_identify(src) by extension 'colcon_pkg'
[0.129s] Level 1:colcon.colcon_core.package_identification:_identify(src) by extensions ['colcon_meta']
[0.129s] Level 1:colcon.colcon_core.package_identification:_identify(src) by extension 'colcon_meta'
[0.129s] Level 1:colcon.colcon_core.package_identification:_identify(src) by extensions ['ros']
[0.129s] Level 1:colcon.colcon_core.package_identification:_identify(src) by extension 'ros'
[0.129s] Level 1:colcon.colcon_core.package_identification:_identify(src) by extensions ['cmake', 'python']
[0.129s] Level 1:colcon.colcon_core.package_identification:_identify(src) by extension 'cmake'
[0.129s] Level 1:colcon.colcon_core.package_identification:_identify(src) by extension 'python'
[0.129s] Level 1:colcon.colcon_core.package_identification:_identify(src) by extensions ['python_setup_py']
[0.129s] Level 1:colcon.colcon_core.package_identification:_identify(src) by extension 'python_setup_py'
[0.129s] Level 1:colcon.colcon_core.package_identification:_identify(src/flir_camera_driver) by extensions ['ignore', 'ignore_ament_install']
[0.129s] Level 1:colcon.colcon_core.package_identification:_identify(src/flir_camera_driver) by extension 'ignore'
[0.129s] Level 1:colcon.colcon_core.package_identification:_identify(src/flir_camera_driver) by extension 'ignore_ament_install'
[0.129s] Level 1:colcon.colcon_core.package_identification:_identify(src/flir_camera_driver) by extensions ['colcon_pkg']
[0.129s] Level 1:colcon.colcon_core.package_identification:_identify(src/flir_camera_driver) by extension 'colcon_pkg'
[0.129s] Level 1:colcon.colcon_core.package_identification:_identify(src/flir_camera_driver) by extensions ['colcon_meta']
[0.129s] Level 1:colcon.colcon_core.package_identification:_identify(src/flir_camera_driver) by extension 'colcon_meta'
[0.129s] Level 1:colcon.colcon_core.package_identification:_identify(src/flir_camera_driver) by extensions ['ros']
[0.129s] Level 1:colcon.colcon_core.package_identification:_identify(src/flir_camera_driver) by extension 'ros'
[0.130s] Level 1:colcon.colcon_core.package_identification:_identify(src/flir_camera_driver) by extensions ['cmake', 'python']
[0.130s] Level 1:colcon.colcon_core.package_identification:_identify(src/flir_camera_driver) by extension 'cmake'
[0.130s] Level 1:colcon.colcon_core.package_identification:_identify(src/flir_camera_driver) by extension 'python'
[0.130s] Level 1:colcon.colcon_core.package_identification:_identify(src/flir_camera_driver) by extensions ['python_setup_py']
[0.130s] Level 1:colcon.colcon_core.package_identification:_identify(src/flir_camera_driver) by extension 'python_setup_py'
[0.130s] Level 1:colcon.colcon_core.package_identification:_identify(src/flir_camera_driver/doc) by extensions ['ignore', 'ignore_ament_install']
[0.130s] Level 1:colcon.colcon_core.package_identification:_identify(src/flir_camera_driver/doc) by extension 'ignore'
[0.130s] Level 1:colcon.colcon_core.package_identification:_identify(src/flir_camera_driver/doc) by extension 'ignore_ament_install'
[0.130s] Level 1:colcon.colcon_core.package_identification:_identify(src/flir_camera_driver/doc) by extensions ['colcon_pkg']
[0.130s] Level 1:colcon.colcon_core.package_identification:_identify(src/flir_camera_driver/doc) by extension 'colcon_pkg'
[0.130s] Level 1:colcon.colcon_core.package_identification:_identify(src/flir_camera_driver/doc) by extensions ['colcon_meta']
[0.130s] Level 1:colcon.colcon_core.package_identification:_identify(src/flir_camera_driver/doc) by extension 'colcon_meta'
[0.130s] Level 1:colcon.colcon_core.package_identification:_identify(src/flir_camera_driver/doc) by extensions ['ros']
[0.130s] Level 1:colcon.colcon_core.package_identification:_identify(src/flir_camera_driver/doc) by extension 'ros'
[0.130s] Level 1:colcon.colcon_core.package_identification:_identify(src/flir_camera_driver/doc) by extensions ['cmake', 'python']
[0.130s] Level 1:colcon.colcon_core.package_identification:_identify(src/flir_camera_driver/doc) by extension 'cmake'
[0.130s] Level 1:colcon.colcon_core.package_identification:_identify(src/flir_camera_driver/doc) by extension 'python'
[0.130s] Level 1:colcon.colcon_core.package_identification:_identify(src/flir_camera_driver/doc) by extensions ['python_setup_py']
[0.130s] Level 1:colcon.colcon_core.package_identification:_identify(src/flir_camera_driver/doc) by extension 'python_setup_py'
[0.130s] Level 1:colcon.colcon_core.package_identification:_identify(src/flir_camera_driver/flir_camera_description) by extensions ['ignore', 'ignore_ament_install']
[0.130s] Level 1:colcon.colcon_core.package_identification:_identify(src/flir_camera_driver/flir_camera_description) by extension 'ignore'
[0.130s] Level 1:colcon.colcon_core.package_identification:_identify(src/flir_camera_driver/flir_camera_description) by extension 'ignore_ament_install'
[0.130s] Level 1:colcon.colcon_core.package_identification:_identify(src/flir_camera_driver/flir_camera_description) by extensions ['colcon_pkg']
[0.130s] Level 1:colcon.colcon_core.package_identification:_identify(src/flir_camera_driver/flir_camera_description) by extension 'colcon_pkg'
[0.130s] Level 1:colcon.colcon_core.package_identification:_identify(src/flir_camera_driver/flir_camera_description) by extensions ['colcon_meta']
[0.130s] Level 1:colcon.colcon_core.package_identification:_identify(src/flir_camera_driver/flir_camera_description) by extension 'colcon_meta'
[0.130s] Level 1:colcon.colcon_core.package_identification:_identify(src/flir_camera_driver/flir_camera_description) by extensions ['ros']
[0.130s] Level 1:colcon.colcon_core.package_identification:_identify(src/flir_camera_driver/flir_camera_description) by extension 'ros'
[0.131s] DEBUG:colcon.colcon_core.package_identification:Package 'src/flir_camera_driver/flir_camera_description' with type 'ros.ament_cmake' and name 'flir_camera_description'
[0.131s] Level 1:colcon.colcon_core.package_identification:_identify(src/flir_camera_driver/flir_camera_msgs) by extensions ['ignore', 'ignore_ament_install']
[0.131s] Level 1:colcon.colcon_core.package_identification:_identify(src/flir_camera_driver/flir_camera_msgs) by extension 'ignore'
[0.131s] Level 1:colcon.colcon_core.package_identification:_identify(src/flir_camera_driver/flir_camera_msgs) by extension 'ignore_ament_install'
[0.132s] Level 1:colcon.colcon_core.package_identification:_identify(src/flir_camera_driver/flir_camera_msgs) by extensions ['colcon_pkg']
[0.132s] Level 1:colcon.colcon_core.package_identification:_identify(src/flir_camera_driver/flir_camera_msgs) by extension 'colcon_pkg'
[0.132s] Level 1:colcon.colcon_core.package_identification:_identify(src/flir_camera_driver/flir_camera_msgs) by extensions ['colcon_meta']
[0.132s] Level 1:colcon.colcon_core.package_identification:_identify(src/flir_camera_driver/flir_camera_msgs) by extension 'colcon_meta'
[0.132s] Level 1:colcon.colcon_core.package_identification:_identify(src/flir_camera_driver/flir_camera_msgs) by extensions ['ros']
[0.132s] Level 1:colcon.colcon_core.package_identification:_identify(src/flir_camera_driver/flir_camera_msgs) by extension 'ros'
[0.132s] DEBUG:colcon.colcon_core.package_identification:Package 'src/flir_camera_driver/flir_camera_msgs' with type 'ros.ament_cmake' and name 'flir_camera_msgs'
[0.132s] Level 1:colcon.colcon_core.package_identification:_identify(src/flir_camera_driver/spinnaker_camera_driver) by extensions ['ignore', 'ignore_ament_install']
[0.132s] Level 1:colcon.colcon_core.package_identification:_identify(src/flir_camera_driver/spinnaker_camera_driver) by extension 'ignore'
[0.132s] Level 1:colcon.colcon_core.package_identification:_identify(src/flir_camera_driver/spinnaker_camera_driver) by extension 'ignore_ament_install'
[0.132s] Level 1:colcon.colcon_core.package_identification:_identify(src/flir_camera_driver/spinnaker_camera_driver) by extensions ['colcon_pkg']
[0.132s] Level 1:colcon.colcon_core.package_identification:_identify(src/flir_camera_driver/spinnaker_camera_driver) by extension 'colcon_pkg'
[0.132s] Level 1:colcon.colcon_core.package_identification:_identify(src/flir_camera_driver/spinnaker_camera_driver) by extensions ['colcon_meta']
[0.132s] Level 1:colcon.colcon_core.package_identification:_identify(src/flir_camera_driver/spinnaker_camera_driver) by extension 'colcon_meta'
[0.132s] Level 1:colcon.colcon_core.package_identification:_identify(src/flir_camera_driver/spinnaker_camera_driver) by extensions ['ros']
[0.132s] Level 1:colcon.colcon_core.package_identification:_identify(src/flir_camera_driver/spinnaker_camera_driver) by extension 'ros'
[0.133s] DEBUG:colcon.colcon_core.package_identification:Package 'src/flir_camera_driver/spinnaker_camera_driver' with type 'ros.ament_cmake' and name 'spinnaker_camera_driver'
[0.133s] Level 1:colcon.colcon_core.package_identification:_identify(src/flir_camera_driver/spinnaker_synchronized_camera_driver) by extensions ['ignore', 'ignore_ament_install']
[0.133s] Level 1:colcon.colcon_core.package_identification:_identify(src/flir_camera_driver/spinnaker_synchronized_camera_driver) by extension 'ignore'
[0.133s] Level 1:colcon.colcon_core.package_identification:_identify(src/flir_camera_driver/spinnaker_synchronized_camera_driver) by extension 'ignore_ament_install'
[0.133s] Level 1:colcon.colcon_core.package_identification:_identify(src/flir_camera_driver/spinnaker_synchronized_camera_driver) by extensions ['colcon_pkg']
[0.133s] Level 1:colcon.colcon_core.package_identification:_identify(src/flir_camera_driver/spinnaker_synchronized_camera_driver) by extension 'colcon_pkg'
[0.133s] Level 1:colcon.colcon_core.package_identification:_identify(src/flir_camera_driver/spinnaker_synchronized_camera_driver) by extensions ['colcon_meta']
[0.133s] Level 1:colcon.colcon_core.package_identification:_identify(src/flir_camera_driver/spinnaker_synchronized_camera_driver) by extension 'colcon_meta'
[0.133s] Level 1:colcon.colcon_core.package_identification:_identify(src/flir_camera_driver/spinnaker_synchronized_camera_driver) by extensions ['ros']
[0.133s] Level 1:colcon.colcon_core.package_identification:_identify(src/flir_camera_driver/spinnaker_synchronized_camera_driver) by extension 'ros'
[0.133s] DEBUG:colcon.colcon_core.package_identification:Package 'src/flir_camera_driver/spinnaker_synchronized_camera_driver' with type 'ros.ament_cmake' and name 'spinnaker_synchronized_camera_driver'
[0.133s] Level 1:colcon.colcon_core.package_discovery:discover_packages(recursive) using defaults
[0.133s] Level 1:colcon.colcon_core.package_discovery:discover_packages(ignore) discover
[0.133s] Level 1:colcon.colcon_core.package_discovery:discover_packages(ignore) using defaults
[0.133s] Level 1:colcon.colcon_core.package_discovery:discover_packages(path) discover
[0.133s] Level 1:colcon.colcon_core.package_discovery:discover_packages(path) using defaults
[0.147s] Level 1:colcon.colcon_core.package_discovery:discover_packages(prefix_path) check parameters
[0.147s] Level 1:colcon.colcon_core.package_discovery:discover_packages(prefix_path) discover
[0.149s] DEBUG:colcon.colcon_installed_package_information.package_discovery:Found 294 installed packages in /opt/ros/jazzy
[0.149s] Level 1:colcon.colcon_core.package_discovery:discover_packages(prefix_path) using defaults
[0.170s] Level 5:colcon.colcon_core.verb:set package 'flir_camera_description' build argument 'cmake_args' from command line to '['-DCMAKE_BUILD_TYPE=RelWithDebInfo', '-DCMAKE_EXPORT_COMPILE_COMMANDS=ON']'
[0.170s] Level 5:colcon.colcon_core.verb:set package 'flir_camera_description' build argument 'cmake_target' from command line to 'None'
[0.170s] Level 5:colcon.colcon_core.verb:set package 'flir_camera_description' build argument 'cmake_target_skip_unavailable' from command line to 'False'
[0.170s] Level 5:colcon.colcon_core.verb:set package 'flir_camera_description' build argument 'cmake_clean_cache' from command line to 'False'
[0.170s] Level 5:colcon.colcon_core.verb:set package 'flir_camera_description' build argument 'cmake_clean_first' from command line to 'False'
[0.170s] Level 5:colcon.colcon_core.verb:set package 'flir_camera_description' build argument 'cmake_force_configure' from command line to 'False'
[0.170s] Level 5:colcon.colcon_core.verb:set package 'flir_camera_description' build argument 'ament_cmake_args' from command line to 'None'
[0.170s] Level 5:colcon.colcon_core.verb:set package 'flir_camera_description' build argument 'catkin_cmake_args' from command line to 'None'
[0.170s] Level 5:colcon.colcon_core.verb:set package 'flir_camera_description' build argument 'catkin_skip_building_tests' from command line to 'False'
[0.170s] DEBUG:colcon.colcon_core.verb:Building package 'flir_camera_description' with the following arguments: {'ament_cmake_args': None, 'build_base': '/home/brian-zheng/spinnaker/build/flir_camera_description', 'catkin_cmake_args': None, 'catkin_skip_building_tests': False, 'cmake_args': ['-DCMAKE_BUILD_TYPE=RelWithDebInfo', '-DCMAKE_EXPORT_COMPILE_COMMANDS=ON'], 'cmake_clean_cache': False, 'cmake_clean_first': False, 'cmake_force_configure': False, 'cmake_target': None, 'cmake_target_skip_unavailable': False, 'install_base': '/home/brian-zheng/spinnaker/install/flir_camera_description', 'merge_install': False, 'path': '/home/brian-zheng/spinnaker/src/flir_camera_driver/flir_camera_description', 'symlink_install': True, 'test_result_base': None}
[0.170s] Level 5:colcon.colcon_core.verb:set package 'flir_camera_msgs' build argument 'cmake_args' from command line to '['-DCMAKE_BUILD_TYPE=RelWithDebInfo', '-DCMAKE_EXPORT_COMPILE_COMMANDS=ON']'
[0.170s] Level 5:colcon.colcon_core.verb:set package 'flir_camera_msgs' build argument 'cmake_target' from command line to 'None'
[0.170s] Level 5:colcon.colcon_core.verb:set package 'flir_camera_msgs' build argument 'cmake_target_skip_unavailable' from command line to 'False'
[0.170s] Level 5:colcon.colcon_core.verb:set package 'flir_camera_msgs' build argument 'cmake_clean_cache' from command line to 'False'
[0.170s] Level 5:colcon.colcon_core.verb:set package 'flir_camera_msgs' build argument 'cmake_clean_first' from command line to 'False'
[0.170s] Level 5:colcon.colcon_core.verb:set package 'flir_camera_msgs' build argument 'cmake_force_configure' from command line to 'False'
[0.170s] Level 5:colcon.colcon_core.verb:set package 'flir_camera_msgs' build argument 'ament_cmake_args' from command line to 'None'
[0.170s] Level 5:colcon.colcon_core.verb:set package 'flir_camera_msgs' build argument 'catkin_cmake_args' from command line to 'None'
[0.170s] Level 5:colcon.colcon_core.verb:set package 'flir_camera_msgs' build argument 'catkin_skip_building_tests' from command line to 'False'
[0.170s] DEBUG:colcon.colcon_core.verb:Building package 'flir_camera_msgs' with the following arguments: {'ament_cmake_args': None, 'build_base': '/home/brian-zheng/spinnaker/build/flir_camera_msgs', 'catkin_cmake_args': None, 'catkin_skip_building_tests': False, 'cmake_args': ['-DCMAKE_BUILD_TYPE=RelWithDebInfo', '-DCMAKE_EXPORT_COMPILE_COMMANDS=ON'], 'cmake_clean_cache': False, 'cmake_clean_first': False, 'cmake_force_configure': False, 'cmake_target': None, 'cmake_target_skip_unavailable': False, 'install_base': '/home/brian-zheng/spinnaker/install/flir_camera_msgs', 'merge_install': False, 'path': '/home/brian-zheng/spinnaker/src/flir_camera_driver/flir_camera_msgs', 'symlink_install': True, 'test_result_base': None}
[0.170s] Level 5:colcon.colcon_core.verb:set package 'spinnaker_camera_driver' build argument 'cmake_args' from command line to '['-DCMAKE_BUILD_TYPE=RelWithDebInfo', '-DCMAKE_EXPORT_COMPILE_COMMANDS=ON']'
[0.170s] Level 5:colcon.colcon_core.verb:set package 'spinnaker_camera_driver' build argument 'cmake_target' from command line to 'None'
[0.170s] Level 5:colcon.colcon_core.verb:set package 'spinnaker_camera_driver' build argument 'cmake_target_skip_unavailable' from command line to 'False'
[0.170s] Level 5:colcon.colcon_core.verb:set package 'spinnaker_camera_driver' build argument 'cmake_clean_cache' from command line to 'False'
[0.170s] Level 5:colcon.colcon_core.verb:set package 'spinnaker_camera_driver' build argument 'cmake_clean_first' from command line to 'False'
[0.170s] Level 5:colcon.colcon_core.verb:set package 'spinnaker_camera_driver' build argument 'cmake_force_configure' from command line to 'False'
[0.170s] Level 5:colcon.colcon_core.verb:set package 'spinnaker_camera_driver' build argument 'ament_cmake_args' from command line to 'None'
[0.170s] Level 5:colcon.colcon_core.verb:set package 'spinnaker_camera_driver' build argument 'catkin_cmake_args' from command line to 'None'
[0.170s] Level 5:colcon.colcon_core.verb:set package 'spinnaker_camera_driver' build argument 'catkin_skip_building_tests' from command line to 'False'
[0.170s] DEBUG:colcon.colcon_core.verb:Building package 'spinnaker_camera_driver' with the following arguments: {'ament_cmake_args': None, 'build_base': '/home/brian-zheng/spinnaker/build/spinnaker_camera_driver', 'catkin_cmake_args': None, 'catkin_skip_building_tests': False, 'cmake_args': ['-DCMAKE_BUILD_TYPE=RelWithDebInfo', '-DCMAKE_EXPORT_COMPILE_COMMANDS=ON'], 'cmake_clean_cache': False, 'cmake_clean_first': False, 'cmake_force_configure': False, 'cmake_target': None, 'cmake_target_skip_unavailable': False, 'install_base': '/home/brian-zheng/spinnaker/install/spinnaker_camera_driver', 'merge_install': False, 'path': '/home/brian-zheng/spinnaker/src/flir_camera_driver/spinnaker_camera_driver', 'symlink_install': True, 'test_result_base': None}
[0.170s] Level 5:colcon.colcon_core.verb:set package 'spinnaker_synchronized_camera_driver' build argument 'cmake_args' from command line to '['-DCMAKE_BUILD_TYPE=RelWithDebInfo', '-DCMAKE_EXPORT_COMPILE_COMMANDS=ON']'
[0.170s] Level 5:colcon.colcon_core.verb:set package 'spinnaker_synchronized_camera_driver' build argument 'cmake_target' from command line to 'None'
[0.170s] Level 5:colcon.colcon_core.verb:set package 'spinnaker_synchronized_camera_driver' build argument 'cmake_target_skip_unavailable' from command line to 'False'
[0.170s] Level 5:colcon.colcon_core.verb:set package 'spinnaker_synchronized_camera_driver' build argument 'cmake_clean_cache' from command line to 'False'
[0.170s] Level 5:colcon.colcon_core.verb:set package 'spinnaker_synchronized_camera_driver' build argument 'cmake_clean_first' from command line to 'False'
[0.170s] Level 5:colcon.colcon_core.verb:set package 'spinnaker_synchronized_camera_driver' build argument 'cmake_force_configure' from command line to 'False'
[0.170s] Level 5:colcon.colcon_core.verb:set package 'spinnaker_synchronized_camera_driver' build argument 'ament_cmake_args' from command line to 'None'
[0.170s] Level 5:colcon.colcon_core.verb:set package 'spinnaker_synchronized_camera_driver' build argument 'catkin_cmake_args' from command line to 'None'
[0.170s] Level 5:colcon.colcon_core.verb:set package 'spinnaker_synchronized_camera_driver' build argument 'catkin_skip_building_tests' from command line to 'False'
[0.170s] DEBUG:colcon.colcon_core.verb:Building package 'spinnaker_synchronized_camera_driver' with the following arguments: {'ament_cmake_args': None, 'build_base': '/home/brian-zheng/spinnaker/build/spinnaker_synchronized_camera_driver', 'catkin_cmake_args': None, 'catkin_skip_building_tests': False, 'cmake_args': ['-DCMAKE_BUILD_TYPE=RelWithDebInfo', '-DCMAKE_EXPORT_COMPILE_COMMANDS=ON'], 'cmake_clean_cache': False, 'cmake_clean_first': False, 'cmake_force_configure': False, 'cmake_target': None, 'cmake_target_skip_unavailable': False, 'install_base': '/home/brian-zheng/spinnaker/install/spinnaker_synchronized_camera_driver', 'merge_install': False, 'path': '/home/brian-zheng/spinnaker/src/flir_camera_driver/spinnaker_synchronized_camera_driver', 'symlink_install': True, 'test_result_base': None}
[0.170s] INFO:colcon.colcon_core.executor:Executing jobs using 'parallel' executor
[0.171s] DEBUG:colcon.colcon_parallel_executor.executor.parallel:run_until_complete
[0.171s] INFO:colcon.colcon_ros.task.ament_cmake.build:Building ROS package in '/home/brian-zheng/spinnaker/src/flir_camera_driver/flir_camera_msgs' with build type 'ament_cmake'
[0.171s] INFO:colcon.colcon_cmake.task.cmake.build:Building CMake package in '/home/brian-zheng/spinnaker/src/flir_camera_driver/flir_camera_msgs'
[0.174s] INFO:colcon.colcon_core.plugin_system:Skipping extension 'colcon_core.shell.bat': Not used on non-Windows systems
[0.174s] INFO:colcon.colcon_core.shell:Skip shell extension 'powershell' for command environment: Not usable outside of PowerShell
[0.174s] DEBUG:colcon.colcon_core.shell:Skip shell extension 'dsv' for command environment
[0.176s] INFO:colcon.colcon_ros.task.ament_cmake.build:Building ROS package in '/home/brian-zheng/spinnaker/src/flir_camera_driver/flir_camera_description' with build type 'ament_cmake'
[0.176s] INFO:colcon.colcon_cmake.task.cmake.build:Building CMake package in '/home/brian-zheng/spinnaker/src/flir_camera_driver/flir_camera_description'
[0.177s] INFO:colcon.colcon_core.shell:Skip shell extension 'powershell' for command environment: Not usable outside of PowerShell
[0.177s] DEBUG:colcon.colcon_core.shell:Skip shell extension 'dsv' for command environment
[0.179s] DEBUG:colcon.colcon_core.event_handler.log_command:Invoking command in '/home/brian-zheng/spinnaker/build/flir_camera_msgs': CMAKE_PREFIX_PATH=${CMAKE_PREFIX_PATH}:/opt/ros/jazzy DEBUGINFOD_URLS=https://debuginfod.ubuntu.com /usr/bin/cmake /home/brian-zheng/spinnaker/src/flir_camera_driver/flir_camera_msgs -DCMAKE_BUILD_TYPE=RelWithDebInfo -DCMAKE_EXPORT_COMPILE_COMMANDS=ON -DAMENT_CMAKE_SYMLINK_INSTALL=1 -DCMAKE_INSTALL_PREFIX=/home/brian-zheng/spinnaker/install/flir_camera_msgs
[0.182s] DEBUG:colcon.colcon_core.event_handler.log_command:Invoking command in '/home/brian-zheng/spinnaker/build/flir_camera_description': CMAKE_PREFIX_PATH=${CMAKE_PREFIX_PATH}:/opt/ros/jazzy DEBUGINFOD_URLS=https://debuginfod.ubuntu.com /usr/bin/cmake /home/brian-zheng/spinnaker/src/flir_camera_driver/flir_camera_description -DCMAKE_BUILD_TYPE=RelWithDebInfo -DCMAKE_EXPORT_COMPILE_COMMANDS=ON -DAMENT_CMAKE_SYMLINK_INSTALL=1 -DCMAKE_INSTALL_PREFIX=/home/brian-zheng/spinnaker/install/flir_camera_description
[1.028s] DEBUG:colcon.colcon_core.event_handler.log_command:Invoked command in '/home/brian-zheng/spinnaker/build/flir_camera_description' returned '0': CMAKE_PREFIX_PATH=${CMAKE_PREFIX_PATH}:/opt/ros/jazzy DEBUGINFOD_URLS=https://debuginfod.ubuntu.com /usr/bin/cmake /home/brian-zheng/spinnaker/src/flir_camera_driver/flir_camera_description -DCMAKE_BUILD_TYPE=RelWithDebInfo -DCMAKE_EXPORT_COMPILE_COMMANDS=ON -DAMENT_CMAKE_SYMLINK_INSTALL=1 -DCMAKE_INSTALL_PREFIX=/home/brian-zheng/spinnaker/install/flir_camera_description
[1.028s] DEBUG:colcon.colcon_core.event_handler.log_command:Invoking command in '/home/brian-zheng/spinnaker/build/flir_camera_description': CMAKE_PREFIX_PATH=${CMAKE_PREFIX_PATH}:/opt/ros/jazzy DEBUGINFOD_URLS=https://debuginfod.ubuntu.com /usr/bin/cmake --build /home/brian-zheng/spinnaker/build/flir_camera_description -- -j20 -l20
[1.057s] DEBUG:colcon.colcon_core.event_handler.log_command:Invoked command in '/home/brian-zheng/spinnaker/build/flir_camera_description' returned '0': CMAKE_PREFIX_PATH=${CMAKE_PREFIX_PATH}:/opt/ros/jazzy DEBUGINFOD_URLS=https://debuginfod.ubuntu.com /usr/bin/cmake --build /home/brian-zheng/spinnaker/build/flir_camera_description -- -j20 -l20
[1.065s] DEBUG:colcon.colcon_core.event_handler.log_command:Invoking command in '/home/brian-zheng/spinnaker/build/flir_camera_description': CMAKE_PREFIX_PATH=${CMAKE_PREFIX_PATH}:/opt/ros/jazzy DEBUGINFOD_URLS=https://debuginfod.ubuntu.com /usr/bin/cmake --install /home/brian-zheng/spinnaker/build/flir_camera_description
[1.192s] Level 1:colcon.colcon_core.environment:create_environment_scripts_only(flir_camera_description)
[1.193s] DEBUG:colcon.colcon_core.event_handler.log_command:Invoked command in '/home/brian-zheng/spinnaker/build/flir_camera_description' returned '0': CMAKE_PREFIX_PATH=${CMAKE_PREFIX_PATH}:/opt/ros/jazzy DEBUGINFOD_URLS=https://debuginfod.ubuntu.com /usr/bin/cmake --install /home/brian-zheng/spinnaker/build/flir_camera_description
[1.196s] Level 1:colcon.colcon_core.environment:checking '/home/brian-zheng/spinnaker/install/flir_camera_description' for CMake module files
[1.196s] Level 1:colcon.colcon_core.environment:checking '/home/brian-zheng/spinnaker/install/flir_camera_description' for CMake config files
[1.196s] Level 1:colcon.colcon_core.shell:create_environment_hook('flir_camera_description', 'cmake_prefix_path')
[1.196s] INFO:colcon.colcon_core.shell:Creating environment hook '/home/brian-zheng/spinnaker/install/flir_camera_description/share/flir_camera_description/hook/cmake_prefix_path.ps1'
[1.197s] INFO:colcon.colcon_core.shell:Creating environment descriptor '/home/brian-zheng/spinnaker/install/flir_camera_description/share/flir_camera_description/hook/cmake_prefix_path.dsv'
[1.197s] INFO:colcon.colcon_core.shell:Creating environment hook '/home/brian-zheng/spinnaker/install/flir_camera_description/share/flir_camera_description/hook/cmake_prefix_path.sh'
[1.198s] Level 1:colcon.colcon_core.environment:checking '/home/brian-zheng/spinnaker/install/flir_camera_description/bin'
[1.198s] Level 1:colcon.colcon_core.environment:checking '/home/brian-zheng/spinnaker/install/flir_camera_description/lib/pkgconfig/flir_camera_description.pc'
[1.198s] Level 1:colcon.colcon_core.environment:checking '/home/brian-zheng/spinnaker/install/flir_camera_description/lib/python3.12/site-packages'
[1.198s] Level 1:colcon.colcon_core.environment:checking '/home/brian-zheng/spinnaker/install/flir_camera_description/bin'
[1.198s] INFO:colcon.colcon_core.shell:Creating package script '/home/brian-zheng/spinnaker/install/flir_camera_description/share/flir_camera_description/package.ps1'
[1.199s] INFO:colcon.colcon_core.shell:Creating package descriptor '/home/brian-zheng/spinnaker/install/flir_camera_description/share/flir_camera_description/package.dsv'
[1.199s] INFO:colcon.colcon_core.shell:Creating package script '/home/brian-zheng/spinnaker/install/flir_camera_description/share/flir_camera_description/package.sh'
[1.199s] INFO:colcon.colcon_core.shell:Creating package script '/home/brian-zheng/spinnaker/install/flir_camera_description/share/flir_camera_description/package.bash'
[1.200s] INFO:colcon.colcon_core.shell:Creating package script '/home/brian-zheng/spinnaker/install/flir_camera_description/share/flir_camera_description/package.zsh'
[1.200s] Level 1:colcon.colcon_core.environment:create_file_with_runtime_dependencies(/home/brian-zheng/spinnaker/install/flir_camera_description/share/colcon-core/packages/flir_camera_description)
[1.200s] Level 1:colcon.colcon_core.environment:create_environment_scripts_only(flir_camera_description)
[1.201s] Level 1:colcon.colcon_core.environment:checking '/home/brian-zheng/spinnaker/install/flir_camera_description' for CMake module files
[1.201s] Level 1:colcon.colcon_core.environment:checking '/home/brian-zheng/spinnaker/install/flir_camera_description' for CMake config files
[1.201s] Level 1:colcon.colcon_core.shell:create_environment_hook('flir_camera_description', 'cmake_prefix_path')
[1.201s] INFO:colcon.colcon_core.shell:Creating environment hook '/home/brian-zheng/spinnaker/install/flir_camera_description/share/flir_camera_description/hook/cmake_prefix_path.ps1'
[1.201s] INFO:colcon.colcon_core.shell:Creating environment descriptor '/home/brian-zheng/spinnaker/install/flir_camera_description/share/flir_camera_description/hook/cmake_prefix_path.dsv'
[1.201s] INFO:colcon.colcon_core.shell:Creating environment hook '/home/brian-zheng/spinnaker/install/flir_camera_description/share/flir_camera_description/hook/cmake_prefix_path.sh'
[1.202s] Level 1:colcon.colcon_core.environment:checking '/home/brian-zheng/spinnaker/install/flir_camera_description/bin'
[1.202s] Level 1:colcon.colcon_core.environment:checking '/home/brian-zheng/spinnaker/install/flir_camera_description/lib/pkgconfig/flir_camera_description.pc'
[1.202s] Level 1:colcon.colcon_core.environment:checking '/home/brian-zheng/spinnaker/install/flir_camera_description/lib/python3.12/site-packages'
[1.202s] Level 1:colcon.colcon_core.environment:checking '/home/brian-zheng/spinnaker/install/flir_camera_description/bin'
[1.202s] INFO:colcon.colcon_core.shell:Creating package script '/home/brian-zheng/spinnaker/install/flir_camera_description/share/flir_camera_description/package.ps1'
[1.202s] INFO:colcon.colcon_core.shell:Creating package descriptor '/home/brian-zheng/spinnaker/install/flir_camera_description/share/flir_camera_description/package.dsv'
[1.202s] INFO:colcon.colcon_core.shell:Creating package script '/home/brian-zheng/spinnaker/install/flir_camera_description/share/flir_camera_description/package.sh'
[1.202s] INFO:colcon.colcon_core.shell:Creating package script '/home/brian-zheng/spinnaker/install/flir_camera_description/share/flir_camera_description/package.bash'
[1.203s] INFO:colcon.colcon_core.shell:Creating package script '/home/brian-zheng/spinnaker/install/flir_camera_description/share/flir_camera_description/package.zsh'
[1.203s] Level 1:colcon.colcon_core.environment:create_file_with_runtime_dependencies(/home/brian-zheng/spinnaker/install/flir_camera_description/share/colcon-core/packages/flir_camera_description)
[2.853s] DEBUG:colcon.colcon_core.event_handler.log_command:Invoked command in '/home/brian-zheng/spinnaker/build/flir_camera_msgs' returned '0': CMAKE_PREFIX_PATH=${CMAKE_PREFIX_PATH}:/opt/ros/jazzy DEBUGINFOD_URLS=https://debuginfod.ubuntu.com /usr/bin/cmake /home/brian-zheng/spinnaker/src/flir_camera_driver/flir_camera_msgs -DCMAKE_BUILD_TYPE=RelWithDebInfo -DCMAKE_EXPORT_COMPILE_COMMANDS=ON -DAMENT_CMAKE_SYMLINK_INSTALL=1 -DCMAKE_INSTALL_PREFIX=/home/brian-zheng/spinnaker/install/flir_camera_msgs
[2.853s] DEBUG:colcon.colcon_core.event_handler.log_command:Invoking command in '/home/brian-zheng/spinnaker/build/flir_camera_msgs': CMAKE_PREFIX_PATH=${CMAKE_PREFIX_PATH}:/opt/ros/jazzy DEBUGINFOD_URLS=https://debuginfod.ubuntu.com /usr/bin/cmake --build /home/brian-zheng/spinnaker/build/flir_camera_msgs -- -j20 -l20
[4.709s] DEBUG:colcon.colcon_core.event_handler.log_command:Invoked command in '/home/brian-zheng/spinnaker/build/flir_camera_msgs' returned '0': CMAKE_PREFIX_PATH=${CMAKE_PREFIX_PATH}:/opt/ros/jazzy DEBUGINFOD_URLS=https://debuginfod.ubuntu.com /usr/bin/cmake --build /home/brian-zheng/spinnaker/build/flir_camera_msgs -- -j20 -l20
[4.710s] DEBUG:colcon.colcon_core.event_handler.log_command:Invoking command in '/home/brian-zheng/spinnaker/build/flir_camera_msgs': CMAKE_PREFIX_PATH=${CMAKE_PREFIX_PATH}:/opt/ros/jazzy DEBUGINFOD_URLS=https://debuginfod.ubuntu.com /usr/bin/cmake --install /home/brian-zheng/spinnaker/build/flir_camera_msgs
[5.564s] Level 1:colcon.colcon_core.environment:create_environment_scripts_only(flir_camera_msgs)
[5.565s] DEBUG:colcon.colcon_core.event_handler.log_command:Invoked command in '/home/brian-zheng/spinnaker/build/flir_camera_msgs' returned '0': CMAKE_PREFIX_PATH=${CMAKE_PREFIX_PATH}:/opt/ros/jazzy DEBUGINFOD_URLS=https://debuginfod.ubuntu.com /usr/bin/cmake --install /home/brian-zheng/spinnaker/build/flir_camera_msgs
[5.565s] Level 1:colcon.colcon_core.environment:checking '/home/brian-zheng/spinnaker/install/flir_camera_msgs' for CMake module files
[5.565s] Level 1:colcon.colcon_core.environment:checking '/home/brian-zheng/spinnaker/install/flir_camera_msgs' for CMake config files
[5.565s] Level 1:colcon.colcon_core.shell:create_environment_hook('flir_camera_msgs', 'cmake_prefix_path')
[5.566s] INFO:colcon.colcon_core.shell:Creating environment hook '/home/brian-zheng/spinnaker/install/flir_camera_msgs/share/flir_camera_msgs/hook/cmake_prefix_path.ps1'
[5.566s] INFO:colcon.colcon_core.shell:Creating environment descriptor '/home/brian-zheng/spinnaker/install/flir_camera_msgs/share/flir_camera_msgs/hook/cmake_prefix_path.dsv'
[5.566s] INFO:colcon.colcon_core.shell:Creating environment hook '/home/brian-zheng/spinnaker/install/flir_camera_msgs/share/flir_camera_msgs/hook/cmake_prefix_path.sh'
[5.566s] Level 1:colcon.colcon_core.environment:checking '/home/brian-zheng/spinnaker/install/flir_camera_msgs/lib'
[5.566s] Level 1:colcon.colcon_core.shell:create_environment_hook('flir_camera_msgs', 'ld_library_path_lib')
[5.566s] INFO:colcon.colcon_core.shell:Creating environment hook '/home/brian-zheng/spinnaker/install/flir_camera_msgs/share/flir_camera_msgs/hook/ld_library_path_lib.ps1'
[5.567s] INFO:colcon.colcon_core.shell:Creating environment descriptor '/home/brian-zheng/spinnaker/install/flir_camera_msgs/share/flir_camera_msgs/hook/ld_library_path_lib.dsv'
[5.567s] INFO:colcon.colcon_core.shell:Creating environment hook '/home/brian-zheng/spinnaker/install/flir_camera_msgs/share/flir_camera_msgs/hook/ld_library_path_lib.sh'
[5.567s] Level 1:colcon.colcon_core.environment:checking '/home/brian-zheng/spinnaker/install/flir_camera_msgs/bin'
[5.567s] Level 1:colcon.colcon_core.environment:checking '/home/brian-zheng/spinnaker/install/flir_camera_msgs/lib/pkgconfig/flir_camera_msgs.pc'
[5.567s] Level 1:colcon.colcon_core.environment:checking '/home/brian-zheng/spinnaker/install/flir_camera_msgs/lib/python3.12/site-packages'
[5.567s] Level 1:colcon.colcon_core.shell:create_environment_hook('flir_camera_msgs', 'pythonpath')
[5.567s] INFO:colcon.colcon_core.shell:Creating environment hook '/home/brian-zheng/spinnaker/install/flir_camera_msgs/share/flir_camera_msgs/hook/pythonpath.ps1'
[5.567s] INFO:colcon.colcon_core.shell:Creating environment descriptor '/home/brian-zheng/spinnaker/install/flir_camera_msgs/share/flir_camera_msgs/hook/pythonpath.dsv'
[5.567s] INFO:colcon.colcon_core.shell:Creating environment hook '/home/brian-zheng/spinnaker/install/flir_camera_msgs/share/flir_camera_msgs/hook/pythonpath.sh'
[5.568s] Level 1:colcon.colcon_core.environment:checking '/home/brian-zheng/spinnaker/install/flir_camera_msgs/bin'
[5.568s] INFO:colcon.colcon_core.shell:Creating package script '/home/brian-zheng/spinnaker/install/flir_camera_msgs/share/flir_camera_msgs/package.ps1'
[5.568s] INFO:colcon.colcon_core.shell:Creating package descriptor '/home/brian-zheng/spinnaker/install/flir_camera_msgs/share/flir_camera_msgs/package.dsv'
[5.568s] INFO:colcon.colcon_core.shell:Creating package script '/home/brian-zheng/spinnaker/install/flir_camera_msgs/share/flir_camera_msgs/package.sh'
[5.568s] INFO:colcon.colcon_core.shell:Creating package script '/home/brian-zheng/spinnaker/install/flir_camera_msgs/share/flir_camera_msgs/package.bash'
[5.569s] INFO:colcon.colcon_core.shell:Creating package script '/home/brian-zheng/spinnaker/install/flir_camera_msgs/share/flir_camera_msgs/package.zsh'
[5.569s] Level 1:colcon.colcon_core.environment:create_file_with_runtime_dependencies(/home/brian-zheng/spinnaker/install/flir_camera_msgs/share/colcon-core/packages/flir_camera_msgs)
[5.569s] Level 1:colcon.colcon_core.environment:create_environment_scripts_only(flir_camera_msgs)
[5.569s] Level 1:colcon.colcon_core.environment:checking '/home/brian-zheng/spinnaker/install/flir_camera_msgs' for CMake module files
[5.569s] Level 1:colcon.colcon_core.environment:checking '/home/brian-zheng/spinnaker/install/flir_camera_msgs' for CMake config files
[5.570s] Level 1:colcon.colcon_core.shell:create_environment_hook('flir_camera_msgs', 'cmake_prefix_path')
[5.570s] INFO:colcon.colcon_core.shell:Creating environment hook '/home/brian-zheng/spinnaker/install/flir_camera_msgs/share/flir_camera_msgs/hook/cmake_prefix_path.ps1'
[5.570s] INFO:colcon.colcon_core.shell:Creating environment descriptor '/home/brian-zheng/spinnaker/install/flir_camera_msgs/share/flir_camera_msgs/hook/cmake_prefix_path.dsv'
[5.570s] INFO:colcon.colcon_core.shell:Creating environment hook '/home/brian-zheng/spinnaker/install/flir_camera_msgs/share/flir_camera_msgs/hook/cmake_prefix_path.sh'
[5.570s] Level 1:colcon.colcon_core.environment:checking '/home/brian-zheng/spinnaker/install/flir_camera_msgs/lib'
[5.570s] Level 1:colcon.colcon_core.shell:create_environment_hook('flir_camera_msgs', 'ld_library_path_lib')
[5.570s] INFO:colcon.colcon_core.shell:Creating environment hook '/home/brian-zheng/spinnaker/install/flir_camera_msgs/share/flir_camera_msgs/hook/ld_library_path_lib.ps1'
[5.570s] INFO:colcon.colcon_core.shell:Creating environment descriptor '/home/brian-zheng/spinnaker/install/flir_camera_msgs/share/flir_camera_msgs/hook/ld_library_path_lib.dsv'
[5.571s] INFO:colcon.colcon_core.shell:Creating environment hook '/home/brian-zheng/spinnaker/install/flir_camera_msgs/share/flir_camera_msgs/hook/ld_library_path_lib.sh'
[5.571s] Level 1:colcon.colcon_core.environment:checking '/home/brian-zheng/spinnaker/install/flir_camera_msgs/bin'
[5.571s] Level 1:colcon.colcon_core.environment:checking '/home/brian-zheng/spinnaker/install/flir_camera_msgs/lib/pkgconfig/flir_camera_msgs.pc'
[5.571s] Level 1:colcon.colcon_core.environment:checking '/home/brian-zheng/spinnaker/install/flir_camera_msgs/lib/python3.12/site-packages'
[5.571s] Level 1:colcon.colcon_core.shell:create_environment_hook('flir_camera_msgs', 'pythonpath')
[5.571s] INFO:colcon.colcon_core.shell:Creating environment hook '/home/brian-zheng/spinnaker/install/flir_camera_msgs/share/flir_camera_msgs/hook/pythonpath.ps1'
[5.571s] INFO:colcon.colcon_core.shell:Creating environment descriptor '/home/brian-zheng/spinnaker/install/flir_camera_msgs/share/flir_camera_msgs/hook/pythonpath.dsv'
[5.571s] INFO:colcon.colcon_core.shell:Creating environment hook '/home/brian-zheng/spinnaker/install/flir_camera_msgs/share/flir_camera_msgs/hook/pythonpath.sh'
[5.572s] Level 1:colcon.colcon_core.environment:checking '/home/brian-zheng/spinnaker/install/flir_camera_msgs/bin'
[5.572s] INFO:colcon.colcon_core.shell:Creating package script '/home/brian-zheng/spinnaker/install/flir_camera_msgs/share/flir_camera_msgs/package.ps1'
[5.572s] INFO:colcon.colcon_core.shell:Creating package descriptor '/home/brian-zheng/spinnaker/install/flir_camera_msgs/share/flir_camera_msgs/package.dsv'
[5.572s] INFO:colcon.colcon_core.shell:Creating package script '/home/brian-zheng/spinnaker/install/flir_camera_msgs/share/flir_camera_msgs/package.sh'
[5.572s] INFO:colcon.colcon_core.shell:Creating package script '/home/brian-zheng/spinnaker/install/flir_camera_msgs/share/flir_camera_msgs/package.bash'
[5.573s] INFO:colcon.colcon_core.shell:Creating package script '/home/brian-zheng/spinnaker/install/flir_camera_msgs/share/flir_camera_msgs/package.zsh'
[5.573s] Level 1:colcon.colcon_core.environment:create_file_with_runtime_dependencies(/home/brian-zheng/spinnaker/install/flir_camera_msgs/share/colcon-core/packages/flir_camera_msgs)
[5.573s] INFO:colcon.colcon_ros.task.ament_cmake.build:Building ROS package in '/home/brian-zheng/spinnaker/src/flir_camera_driver/spinnaker_camera_driver' with build type 'ament_cmake'
[5.573s] INFO:colcon.colcon_cmake.task.cmake.build:Building CMake package in '/home/brian-zheng/spinnaker/src/flir_camera_driver/spinnaker_camera_driver'
[5.573s] INFO:colcon.colcon_core.shell:Skip shell extension 'powershell' for command environment: Not usable outside of PowerShell
[5.573s] DEBUG:colcon.colcon_core.shell:Skip shell extension 'dsv' for command environment
[5.580s] DEBUG:colcon.colcon_core.event_handler.log_command:Invoking command in '/home/brian-zheng/spinnaker/build/spinnaker_camera_driver': AMENT_PREFIX_PATH=/home/brian-zheng/spinnaker/install/flir_camera_msgs:${AMENT_PREFIX_PATH} CMAKE_PREFIX_PATH=/home/brian-zheng/spinnaker/install/flir_camera_msgs:/opt/ros/jazzy/opt/gz_math_vendor:/opt/ros/jazzy/opt/gz_utils_vendor:/opt/ros/jazzy/opt/gz_cmake_vendor:/opt/ros/jazzy DEBUGINFOD_URLS=https://debuginfod.ubuntu.com LD_LIBRARY_PATH=/home/brian-zheng/spinnaker/install/flir_camera_msgs/lib:${LD_LIBRARY_PATH} PYTHONPATH=/home/brian-zheng/spinnaker/install/flir_camera_msgs/lib/python3.12/site-packages:${PYTHONPATH} /usr/bin/cmake /home/brian-zheng/spinnaker/src/flir_camera_driver/spinnaker_camera_driver -DCMAKE_BUILD_TYPE=RelWithDebInfo -DCMAKE_EXPORT_COMPILE_COMMANDS=ON -DAMENT_CMAKE_SYMLINK_INSTALL=1 -DCMAKE_INSTALL_PREFIX=/home/brian-zheng/spinnaker/install/spinnaker_camera_driver
[13.934s] DEBUG:colcon.colcon_core.event_handler.log_command:Invoked command in '/home/brian-zheng/spinnaker/build/spinnaker_camera_driver' returned '0': AMENT_PREFIX_PATH=/home/brian-zheng/spinnaker/install/flir_camera_msgs:${AMENT_PREFIX_PATH} CMAKE_PREFIX_PATH=/home/brian-zheng/spinnaker/install/flir_camera_msgs:/opt/ros/jazzy/opt/gz_math_vendor:/opt/ros/jazzy/opt/gz_utils_vendor:/opt/ros/jazzy/opt/gz_cmake_vendor:/opt/ros/jazzy DEBUGINFOD_URLS=https://debuginfod.ubuntu.com LD_LIBRARY_PATH=/home/brian-zheng/spinnaker/install/flir_camera_msgs/lib:${LD_LIBRARY_PATH} PYTHONPATH=/home/brian-zheng/spinnaker/install/flir_camera_msgs/lib/python3.12/site-packages:${PYTHONPATH} /usr/bin/cmake /home/brian-zheng/spinnaker/src/flir_camera_driver/spinnaker_camera_driver -DCMAKE_BUILD_TYPE=RelWithDebInfo -DCMAKE_EXPORT_COMPILE_COMMANDS=ON -DAMENT_CMAKE_SYMLINK_INSTALL=1 -DCMAKE_INSTALL_PREFIX=/home/brian-zheng/spinnaker/install/spinnaker_camera_driver
[13.935s] DEBUG:colcon.colcon_core.event_handler.log_command:Invoking command in '/home/brian-zheng/spinnaker/build/spinnaker_camera_driver': AMENT_PREFIX_PATH=/home/brian-zheng/spinnaker/install/flir_camera_msgs:${AMENT_PREFIX_PATH} CMAKE_PREFIX_PATH=/home/brian-zheng/spinnaker/install/flir_camera_msgs:/opt/ros/jazzy/opt/gz_math_vendor:/opt/ros/jazzy/opt/gz_utils_vendor:/opt/ros/jazzy/opt/gz_cmake_vendor:/opt/ros/jazzy DEBUGINFOD_URLS=https://debuginfod.ubuntu.com LD_LIBRARY_PATH=/home/brian-zheng/spinnaker/install/flir_camera_msgs/lib:${LD_LIBRARY_PATH} PYTHONPATH=/home/brian-zheng/spinnaker/install/flir_camera_msgs/lib/python3.12/site-packages:${PYTHONPATH} /usr/bin/cmake --build /home/brian-zheng/spinnaker/build/spinnaker_camera_driver -- -j20 -l20
[29.688s] DEBUG:colcon.colcon_core.event_handler.log_command:Invoked command in '/home/brian-zheng/spinnaker/build/spinnaker_camera_driver' returned '0': AMENT_PREFIX_PATH=/home/brian-zheng/spinnaker/install/flir_camera_msgs:${AMENT_PREFIX_PATH} CMAKE_PREFIX_PATH=/home/brian-zheng/spinnaker/install/flir_camera_msgs:/opt/ros/jazzy/opt/gz_math_vendor:/opt/ros/jazzy/opt/gz_utils_vendor:/opt/ros/jazzy/opt/gz_cmake_vendor:/opt/ros/jazzy DEBUGINFOD_URLS=https://debuginfod.ubuntu.com LD_LIBRARY_PATH=/home/brian-zheng/spinnaker/install/flir_camera_msgs/lib:${LD_LIBRARY_PATH} PYTHONPATH=/home/brian-zheng/spinnaker/install/flir_camera_msgs/lib/python3.12/site-packages:${PYTHONPATH} /usr/bin/cmake --build /home/brian-zheng/spinnaker/build/spinnaker_camera_driver -- -j20 -l20
[29.688s] DEBUG:colcon.colcon_core.event_handler.log_command:Invoking command in '/home/brian-zheng/spinnaker/build/spinnaker_camera_driver': AMENT_PREFIX_PATH=/home/brian-zheng/spinnaker/install/flir_camera_msgs:${AMENT_PREFIX_PATH} CMAKE_PREFIX_PATH=/home/brian-zheng/spinnaker/install/flir_camera_msgs:/opt/ros/jazzy/opt/gz_math_vendor:/opt/ros/jazzy/opt/gz_utils_vendor:/opt/ros/jazzy/opt/gz_cmake_vendor:/opt/ros/jazzy DEBUGINFOD_URLS=https://debuginfod.ubuntu.com LD_LIBRARY_PATH=/home/brian-zheng/spinnaker/install/flir_camera_msgs/lib:${LD_LIBRARY_PATH} PYTHONPATH=/home/brian-zheng/spinnaker/install/flir_camera_msgs/lib/python3.12/site-packages:${PYTHONPATH} /usr/bin/cmake --install /home/brian-zheng/spinnaker/build/spinnaker_camera_driver
[30.020s] Level 1:colcon.colcon_core.environment:create_environment_scripts_only(spinnaker_camera_driver)
[30.020s] Level 1:colcon.colcon_core.environment:checking '/home/brian-zheng/spinnaker/install/spinnaker_camera_driver' for CMake module files
[30.021s] DEBUG:colcon.colcon_core.event_handler.log_command:Invoked command in '/home/brian-zheng/spinnaker/build/spinnaker_camera_driver' returned '0': AMENT_PREFIX_PATH=/home/brian-zheng/spinnaker/install/flir_camera_msgs:${AMENT_PREFIX_PATH} CMAKE_PREFIX_PATH=/home/brian-zheng/spinnaker/install/flir_camera_msgs:/opt/ros/jazzy/opt/gz_math_vendor:/opt/ros/jazzy/opt/gz_utils_vendor:/opt/ros/jazzy/opt/gz_cmake_vendor:/opt/ros/jazzy DEBUGINFOD_URLS=https://debuginfod.ubuntu.com LD_LIBRARY_PATH=/home/brian-zheng/spinnaker/install/flir_camera_msgs/lib:${LD_LIBRARY_PATH} PYTHONPATH=/home/brian-zheng/spinnaker/install/flir_camera_msgs/lib/python3.12/site-packages:${PYTHONPATH} /usr/bin/cmake --install /home/brian-zheng/spinnaker/build/spinnaker_camera_driver
[30.021s] Level 1:colcon.colcon_core.environment:checking '/home/brian-zheng/spinnaker/install/spinnaker_camera_driver' for CMake config files
[30.021s] Level 1:colcon.colcon_core.shell:create_environment_hook('spinnaker_camera_driver', 'cmake_prefix_path')
[30.022s] INFO:colcon.colcon_core.shell:Creating environment hook '/home/brian-zheng/spinnaker/install/spinnaker_camera_driver/share/spinnaker_camera_driver/hook/cmake_prefix_path.ps1'
[30.022s] INFO:colcon.colcon_core.shell:Creating environment descriptor '/home/brian-zheng/spinnaker/install/spinnaker_camera_driver/share/spinnaker_camera_driver/hook/cmake_prefix_path.dsv'
[30.022s] INFO:colcon.colcon_core.shell:Creating environment hook '/home/brian-zheng/spinnaker/install/spinnaker_camera_driver/share/spinnaker_camera_driver/hook/cmake_prefix_path.sh'
[30.023s] Level 1:colcon.colcon_core.environment:checking '/home/brian-zheng/spinnaker/install/spinnaker_camera_driver/lib'
[30.023s] Level 1:colcon.colcon_core.shell:create_environment_hook('spinnaker_camera_driver', 'ld_library_path_lib')
[30.023s] INFO:colcon.colcon_core.shell:Creating environment hook '/home/brian-zheng/spinnaker/install/spinnaker_camera_driver/share/spinnaker_camera_driver/hook/ld_library_path_lib.ps1'
[30.023s] INFO:colcon.colcon_core.shell:Creating environment descriptor '/home/brian-zheng/spinnaker/install/spinnaker_camera_driver/share/spinnaker_camera_driver/hook/ld_library_path_lib.dsv'
[30.024s] INFO:colcon.colcon_core.shell:Creating environment hook '/home/brian-zheng/spinnaker/install/spinnaker_camera_driver/share/spinnaker_camera_driver/hook/ld_library_path_lib.sh'
[30.024s] Level 1:colcon.colcon_core.environment:checking '/home/brian-zheng/spinnaker/install/spinnaker_camera_driver/bin'
[30.024s] Level 1:colcon.colcon_core.environment:checking '/home/brian-zheng/spinnaker/install/spinnaker_camera_driver/lib/pkgconfig/spinnaker_camera_driver.pc'
[30.024s] Level 1:colcon.colcon_core.environment:checking '/home/brian-zheng/spinnaker/install/spinnaker_camera_driver/lib/python3.12/site-packages'
[30.024s] Level 1:colcon.colcon_core.environment:checking '/home/brian-zheng/spinnaker/install/spinnaker_camera_driver/bin'
[30.025s] INFO:colcon.colcon_core.shell:Creating package script '/home/brian-zheng/spinnaker/install/spinnaker_camera_driver/share/spinnaker_camera_driver/package.ps1'
[30.025s] INFO:colcon.colcon_core.shell:Creating package descriptor '/home/brian-zheng/spinnaker/install/spinnaker_camera_driver/share/spinnaker_camera_driver/package.dsv'
[30.026s] INFO:colcon.colcon_core.shell:Creating package script '/home/brian-zheng/spinnaker/install/spinnaker_camera_driver/share/spinnaker_camera_driver/package.sh'
[30.026s] INFO:colcon.colcon_core.shell:Creating package script '/home/brian-zheng/spinnaker/install/spinnaker_camera_driver/share/spinnaker_camera_driver/package.bash'
[30.026s] INFO:colcon.colcon_core.shell:Creating package script '/home/brian-zheng/spinnaker/install/spinnaker_camera_driver/share/spinnaker_camera_driver/package.zsh'
[30.027s] Level 1:colcon.colcon_core.environment:create_file_with_runtime_dependencies(/home/brian-zheng/spinnaker/install/spinnaker_camera_driver/share/colcon-core/packages/spinnaker_camera_driver)
[30.027s] Level 1:colcon.colcon_core.environment:create_environment_scripts_only(spinnaker_camera_driver)
[30.027s] Level 1:colcon.colcon_core.environment:checking '/home/brian-zheng/spinnaker/install/spinnaker_camera_driver' for CMake module files
[30.028s] Level 1:colcon.colcon_core.environment:checking '/home/brian-zheng/spinnaker/install/spinnaker_camera_driver' for CMake config files
[30.028s] Level 1:colcon.colcon_core.shell:create_environment_hook('spinnaker_camera_driver', 'cmake_prefix_path')
[30.028s] INFO:colcon.colcon_core.shell:Creating environment hook '/home/brian-zheng/spinnaker/install/spinnaker_camera_driver/share/spinnaker_camera_driver/hook/cmake_prefix_path.ps1'
[30.029s] INFO:colcon.colcon_core.shell:Creating environment descriptor '/home/brian-zheng/spinnaker/install/spinnaker_camera_driver/share/spinnaker_camera_driver/hook/cmake_prefix_path.dsv'
[30.029s] INFO:colcon.colcon_core.shell:Creating environment hook '/home/brian-zheng/spinnaker/install/spinnaker_camera_driver/share/spinnaker_camera_driver/hook/cmake_prefix_path.sh'
[30.029s] Level 1:colcon.colcon_core.environment:checking '/home/brian-zheng/spinnaker/install/spinnaker_camera_driver/lib'
[30.029s] Level 1:colcon.colcon_core.shell:create_environment_hook('spinnaker_camera_driver', 'ld_library_path_lib')
[30.029s] INFO:colcon.colcon_core.shell:Creating environment hook '/home/brian-zheng/spinnaker/install/spinnaker_camera_driver/share/spinnaker_camera_driver/hook/ld_library_path_lib.ps1'
[30.030s] INFO:colcon.colcon_core.shell:Creating environment descriptor '/home/brian-zheng/spinnaker/install/spinnaker_camera_driver/share/spinnaker_camera_driver/hook/ld_library_path_lib.dsv'
[30.030s] INFO:colcon.colcon_core.shell:Creating environment hook '/home/brian-zheng/spinnaker/install/spinnaker_camera_driver/share/spinnaker_camera_driver/hook/ld_library_path_lib.sh'
[30.030s] Level 1:colcon.colcon_core.environment:checking '/home/brian-zheng/spinnaker/install/spinnaker_camera_driver/bin'
[30.030s] Level 1:colcon.colcon_core.environment:checking '/home/brian-zheng/spinnaker/install/spinnaker_camera_driver/lib/pkgconfig/spinnaker_camera_driver.pc'
[30.031s] Level 1:colcon.colcon_core.environment:checking '/home/brian-zheng/spinnaker/install/spinnaker_camera_driver/lib/python3.12/site-packages'
[30.031s] Level 1:colcon.colcon_core.environment:checking '/home/brian-zheng/spinnaker/install/spinnaker_camera_driver/bin'
[30.031s] INFO:colcon.colcon_core.shell:Creating package script '/home/brian-zheng/spinnaker/install/spinnaker_camera_driver/share/spinnaker_camera_driver/package.ps1'
[30.031s] INFO:colcon.colcon_core.shell:Creating package descriptor '/home/brian-zheng/spinnaker/install/spinnaker_camera_driver/share/spinnaker_camera_driver/package.dsv'
[30.032s] INFO:colcon.colcon_core.shell:Creating package script '/home/brian-zheng/spinnaker/install/spinnaker_camera_driver/share/spinnaker_camera_driver/package.sh'
[30.032s] INFO:colcon.colcon_core.shell:Creating package script '/home/brian-zheng/spinnaker/install/spinnaker_camera_driver/share/spinnaker_camera_driver/package.bash'
[30.032s] INFO:colcon.colcon_core.shell:Creating package script '/home/brian-zheng/spinnaker/install/spinnaker_camera_driver/share/spinnaker_camera_driver/package.zsh'
[30.032s] Level 1:colcon.colcon_core.environment:create_file_with_runtime_dependencies(/home/brian-zheng/spinnaker/install/spinnaker_camera_driver/share/colcon-core/packages/spinnaker_camera_driver)
[30.032s] INFO:colcon.colcon_ros.task.ament_cmake.build:Building ROS package in '/home/brian-zheng/spinnaker/src/flir_camera_driver/spinnaker_synchronized_camera_driver' with build type 'ament_cmake'
[30.032s] INFO:colcon.colcon_cmake.task.cmake.build:Building CMake package in '/home/brian-zheng/spinnaker/src/flir_camera_driver/spinnaker_synchronized_camera_driver'
[30.032s] INFO:colcon.colcon_core.shell:Skip shell extension 'powershell' for command environment: Not usable outside of PowerShell
[30.033s] DEBUG:colcon.colcon_core.shell:Skip shell extension 'dsv' for command environment
[30.042s] DEBUG:colcon.colcon_core.event_handler.log_command:Invoking command in '/home/brian-zheng/spinnaker/build/spinnaker_synchronized_camera_driver': AMENT_PREFIX_PATH=/home/brian-zheng/spinnaker/install/spinnaker_camera_driver:/home/brian-zheng/spinnaker/install/flir_camera_msgs:${AMENT_PREFIX_PATH} CMAKE_PREFIX_PATH=/home/brian-zheng/spinnaker/install/spinnaker_camera_driver:/home/brian-zheng/spinnaker/install/flir_camera_msgs:/opt/ros/jazzy/opt/gz_math_vendor:/opt/ros/jazzy/opt/gz_utils_vendor:/opt/ros/jazzy/opt/gz_cmake_vendor:/opt/ros/jazzy DEBUGINFOD_URLS=https://debuginfod.ubuntu.com LD_LIBRARY_PATH=/home/brian-zheng/spinnaker/install/spinnaker_camera_driver/lib:/home/brian-zheng/spinnaker/install/flir_camera_msgs/lib:${LD_LIBRARY_PATH} PYTHONPATH=/home/brian-zheng/spinnaker/install/flir_camera_msgs/lib/python3.12/site-packages:${PYTHONPATH} /usr/bin/cmake /home/brian-zheng/spinnaker/src/flir_camera_driver/spinnaker_synchronized_camera_driver -DCMAKE_BUILD_TYPE=RelWithDebInfo -DCMAKE_EXPORT_COMPILE_COMMANDS=ON -DAMENT_CMAKE_SYMLINK_INSTALL=1 -DCMAKE_INSTALL_PREFIX=/home/brian-zheng/spinnaker/install/spinnaker_synchronized_camera_driver
[31.054s] DEBUG:colcon.colcon_core.event_handler.log_command:Invoked command in '/home/brian-zheng/spinnaker/build/spinnaker_synchronized_camera_driver' returned '0': AMENT_PREFIX_PATH=/home/brian-zheng/spinnaker/install/spinnaker_camera_driver:/home/brian-zheng/spinnaker/install/flir_camera_msgs:${AMENT_PREFIX_PATH} CMAKE_PREFIX_PATH=/home/brian-zheng/spinnaker/install/spinnaker_camera_driver:/home/brian-zheng/spinnaker/install/flir_camera_msgs:/opt/ros/jazzy/opt/gz_math_vendor:/opt/ros/jazzy/opt/gz_utils_vendor:/opt/ros/jazzy/opt/gz_cmake_vendor:/opt/ros/jazzy DEBUGINFOD_URLS=https://debuginfod.ubuntu.com LD_LIBRARY_PATH=/home/brian-zheng/spinnaker/install/spinnaker_camera_driver/lib:/home/brian-zheng/spinnaker/install/flir_camera_msgs/lib:${LD_LIBRARY_PATH} PYTHONPATH=/home/brian-zheng/spinnaker/install/flir_camera_msgs/lib/python3.12/site-packages:${PYTHONPATH} /usr/bin/cmake /home/brian-zheng/spinnaker/src/flir_camera_driver/spinnaker_synchronized_camera_driver -DCMAKE_BUILD_TYPE=RelWithDebInfo -DCMAKE_EXPORT_COMPILE_COMMANDS=ON -DAMENT_CMAKE_SYMLINK_INSTALL=1 -DCMAKE_INSTALL_PREFIX=/home/brian-zheng/spinnaker/install/spinnaker_synchronized_camera_driver
[31.054s] DEBUG:colcon.colcon_core.event_handler.log_command:Invoking command in '/home/brian-zheng/spinnaker/build/spinnaker_synchronized_camera_driver': AMENT_PREFIX_PATH=/home/brian-zheng/spinnaker/install/spinnaker_camera_driver:/home/brian-zheng/spinnaker/install/flir_camera_msgs:${AMENT_PREFIX_PATH} CMAKE_PREFIX_PATH=/home/brian-zheng/spinnaker/install/spinnaker_camera_driver:/home/brian-zheng/spinnaker/install/flir_camera_msgs:/opt/ros/jazzy/opt/gz_math_vendor:/opt/ros/jazzy/opt/gz_utils_vendor:/opt/ros/jazzy/opt/gz_cmake_vendor:/opt/ros/jazzy DEBUGINFOD_URLS=https://debuginfod.ubuntu.com LD_LIBRARY_PATH=/home/brian-zheng/spinnaker/install/spinnaker_camera_driver/lib:/home/brian-zheng/spinnaker/install/flir_camera_msgs/lib:${LD_LIBRARY_PATH} PYTHONPATH=/home/brian-zheng/spinnaker/install/flir_camera_msgs/lib/python3.12/site-packages:${PYTHONPATH} /usr/bin/cmake --build /home/brian-zheng/spinnaker/build/spinnaker_synchronized_camera_driver -- -j20 -l20
[37.430s] DEBUG:colcon.colcon_core.event_handler.log_command:Invoked command in '/home/brian-zheng/spinnaker/build/spinnaker_synchronized_camera_driver' returned '0': AMENT_PREFIX_PATH=/home/brian-zheng/spinnaker/install/spinnaker_camera_driver:/home/brian-zheng/spinnaker/install/flir_camera_msgs:${AMENT_PREFIX_PATH} CMAKE_PREFIX_PATH=/home/brian-zheng/spinnaker/install/spinnaker_camera_driver:/home/brian-zheng/spinnaker/install/flir_camera_msgs:/opt/ros/jazzy/opt/gz_math_vendor:/opt/ros/jazzy/opt/gz_utils_vendor:/opt/ros/jazzy/opt/gz_cmake_vendor:/opt/ros/jazzy DEBUGINFOD_URLS=https://debuginfod.ubuntu.com LD_LIBRARY_PATH=/home/brian-zheng/spinnaker/install/spinnaker_camera_driver/lib:/home/brian-zheng/spinnaker/install/flir_camera_msgs/lib:${LD_LIBRARY_PATH} PYTHONPATH=/home/brian-zheng/spinnaker/install/flir_camera_msgs/lib/python3.12/site-packages:${PYTHONPATH} /usr/bin/cmake --build /home/brian-zheng/spinnaker/build/spinnaker_synchronized_camera_driver -- -j20 -l20
[37.430s] DEBUG:colcon.colcon_core.event_handler.log_command:Invoking command in '/home/brian-zheng/spinnaker/build/spinnaker_synchronized_camera_driver': AMENT_PREFIX_PATH=/home/brian-zheng/spinnaker/install/spinnaker_camera_driver:/home/brian-zheng/spinnaker/install/flir_camera_msgs:${AMENT_PREFIX_PATH} CMAKE_PREFIX_PATH=/home/brian-zheng/spinnaker/install/spinnaker_camera_driver:/home/brian-zheng/spinnaker/install/flir_camera_msgs:/opt/ros/jazzy/opt/gz_math_vendor:/opt/ros/jazzy/opt/gz_utils_vendor:/opt/ros/jazzy/opt/gz_cmake_vendor:/opt/ros/jazzy DEBUGINFOD_URLS=https://debuginfod.ubuntu.com LD_LIBRARY_PATH=/home/brian-zheng/spinnaker/install/spinnaker_camera_driver/lib:/home/brian-zheng/spinnaker/install/flir_camera_msgs/lib:${LD_LIBRARY_PATH} PYTHONPATH=/home/brian-zheng/spinnaker/install/flir_camera_msgs/lib/python3.12/site-packages:${PYTHONPATH} /usr/bin/cmake --install /home/brian-zheng/spinnaker/build/spinnaker_synchronized_camera_driver
[37.663s] Level 1:colcon.colcon_core.environment:create_environment_scripts_only(spinnaker_synchronized_camera_driver)
[37.663s] Level 1:colcon.colcon_core.environment:checking '/home/brian-zheng/spinnaker/install/spinnaker_synchronized_camera_driver' for CMake module files
[37.663s] DEBUG:colcon.colcon_core.event_handler.log_command:Invoked command in '/home/brian-zheng/spinnaker/build/spinnaker_synchronized_camera_driver' returned '0': AMENT_PREFIX_PATH=/home/brian-zheng/spinnaker/install/spinnaker_camera_driver:/home/brian-zheng/spinnaker/install/flir_camera_msgs:${AMENT_PREFIX_PATH} CMAKE_PREFIX_PATH=/home/brian-zheng/spinnaker/install/spinnaker_camera_driver:/home/brian-zheng/spinnaker/install/flir_camera_msgs:/opt/ros/jazzy/opt/gz_math_vendor:/opt/ros/jazzy/opt/gz_utils_vendor:/opt/ros/jazzy/opt/gz_cmake_vendor:/opt/ros/jazzy DEBUGINFOD_URLS=https://debuginfod.ubuntu.com LD_LIBRARY_PATH=/home/brian-zheng/spinnaker/install/spinnaker_camera_driver/lib:/home/brian-zheng/spinnaker/install/flir_camera_msgs/lib:${LD_LIBRARY_PATH} PYTHONPATH=/home/brian-zheng/spinnaker/install/flir_camera_msgs/lib/python3.12/site-packages:${PYTHONPATH} /usr/bin/cmake --install /home/brian-zheng/spinnaker/build/spinnaker_synchronized_camera_driver
[37.664s] Level 1:colcon.colcon_core.environment:checking '/home/brian-zheng/spinnaker/install/spinnaker_synchronized_camera_driver' for CMake config files
[37.664s] Level 1:colcon.colcon_core.shell:create_environment_hook('spinnaker_synchronized_camera_driver', 'cmake_prefix_path')
[37.664s] INFO:colcon.colcon_core.shell:Creating environment hook '/home/brian-zheng/spinnaker/install/spinnaker_synchronized_camera_driver/share/spinnaker_synchronized_camera_driver/hook/cmake_prefix_path.ps1'
[37.664s] INFO:colcon.colcon_core.shell:Creating environment descriptor '/home/brian-zheng/spinnaker/install/spinnaker_synchronized_camera_driver/share/spinnaker_synchronized_camera_driver/hook/cmake_prefix_path.dsv'
[37.665s] INFO:colcon.colcon_core.shell:Creating environment hook '/home/brian-zheng/spinnaker/install/spinnaker_synchronized_camera_driver/share/spinnaker_synchronized_camera_driver/hook/cmake_prefix_path.sh'
[37.665s] Level 1:colcon.colcon_core.environment:checking '/home/brian-zheng/spinnaker/install/spinnaker_synchronized_camera_driver/lib'
[37.665s] Level 1:colcon.colcon_core.shell:create_environment_hook('spinnaker_synchronized_camera_driver', 'ld_library_path_lib')
[37.665s] INFO:colcon.colcon_core.shell:Creating environment hook '/home/brian-zheng/spinnaker/install/spinnaker_synchronized_camera_driver/share/spinnaker_synchronized_camera_driver/hook/ld_library_path_lib.ps1'
[37.665s] INFO:colcon.colcon_core.shell:Creating environment descriptor '/home/brian-zheng/spinnaker/install/spinnaker_synchronized_camera_driver/share/spinnaker_synchronized_camera_driver/hook/ld_library_path_lib.dsv'
[37.666s] INFO:colcon.colcon_core.shell:Creating environment hook '/home/brian-zheng/spinnaker/install/spinnaker_synchronized_camera_driver/share/spinnaker_synchronized_camera_driver/hook/ld_library_path_lib.sh'
[37.666s] Level 1:colcon.colcon_core.environment:checking '/home/brian-zheng/spinnaker/install/spinnaker_synchronized_camera_driver/bin'
[37.666s] Level 1:colcon.colcon_core.environment:checking '/home/brian-zheng/spinnaker/install/spinnaker_synchronized_camera_driver/lib/pkgconfig/spinnaker_synchronized_camera_driver.pc'
[37.666s] Level 1:colcon.colcon_core.environment:checking '/home/brian-zheng/spinnaker/install/spinnaker_synchronized_camera_driver/lib/python3.12/site-packages'
[37.666s] Level 1:colcon.colcon_core.environment:checking '/home/brian-zheng/spinnaker/install/spinnaker_synchronized_camera_driver/bin'
[37.667s] INFO:colcon.colcon_core.shell:Creating package script '/home/brian-zheng/spinnaker/install/spinnaker_synchronized_camera_driver/share/spinnaker_synchronized_camera_driver/package.ps1'
[37.667s] INFO:colcon.colcon_core.shell:Creating package descriptor '/home/brian-zheng/spinnaker/install/spinnaker_synchronized_camera_driver/share/spinnaker_synchronized_camera_driver/package.dsv'
[37.667s] INFO:colcon.colcon_core.shell:Creating package script '/home/brian-zheng/spinnaker/install/spinnaker_synchronized_camera_driver/share/spinnaker_synchronized_camera_driver/package.sh'
[37.668s] INFO:colcon.colcon_core.shell:Creating package script '/home/brian-zheng/spinnaker/install/spinnaker_synchronized_camera_driver/share/spinnaker_synchronized_camera_driver/package.bash'
[37.668s] INFO:colcon.colcon_core.shell:Creating package script '/home/brian-zheng/spinnaker/install/spinnaker_synchronized_camera_driver/share/spinnaker_synchronized_camera_driver/package.zsh'
[37.668s] Level 1:colcon.colcon_core.environment:create_file_with_runtime_dependencies(/home/brian-zheng/spinnaker/install/spinnaker_synchronized_camera_driver/share/colcon-core/packages/spinnaker_synchronized_camera_driver)
[37.669s] Level 1:colcon.colcon_core.environment:create_environment_scripts_only(spinnaker_synchronized_camera_driver)
[37.669s] Level 1:colcon.colcon_core.environment:checking '/home/brian-zheng/spinnaker/install/spinnaker_synchronized_camera_driver' for CMake module files
[37.669s] Level 1:colcon.colcon_core.environment:checking '/home/brian-zheng/spinnaker/install/spinnaker_synchronized_camera_driver' for CMake config files
[37.669s] Level 1:colcon.colcon_core.shell:create_environment_hook('spinnaker_synchronized_camera_driver', 'cmake_prefix_path')
[37.670s] INFO:colcon.colcon_core.shell:Creating environment hook '/home/brian-zheng/spinnaker/install/spinnaker_synchronized_camera_driver/share/spinnaker_synchronized_camera_driver/hook/cmake_prefix_path.ps1'
[37.670s] INFO:colcon.colcon_core.shell:Creating environment descriptor '/home/brian-zheng/spinnaker/install/spinnaker_synchronized_camera_driver/share/spinnaker_synchronized_camera_driver/hook/cmake_prefix_path.dsv'
[37.670s] INFO:colcon.colcon_core.shell:Creating environment hook '/home/brian-zheng/spinnaker/install/spinnaker_synchronized_camera_driver/share/spinnaker_synchronized_camera_driver/hook/cmake_prefix_path.sh'
[37.671s] Level 1:colcon.colcon_core.environment:checking '/home/brian-zheng/spinnaker/install/spinnaker_synchronized_camera_driver/lib'
[37.671s] Level 1:colcon.colcon_core.shell:create_environment_hook('spinnaker_synchronized_camera_driver', 'ld_library_path_lib')
[37.671s] INFO:colcon.colcon_core.shell:Creating environment hook '/home/brian-zheng/spinnaker/install/spinnaker_synchronized_camera_driver/share/spinnaker_synchronized_camera_driver/hook/ld_library_path_lib.ps1'
[37.672s] INFO:colcon.colcon_core.shell:Creating environment descriptor '/home/brian-zheng/spinnaker/install/spinnaker_synchronized_camera_driver/share/spinnaker_synchronized_camera_driver/hook/ld_library_path_lib.dsv'
[37.672s] INFO:colcon.colcon_core.shell:Creating environment hook '/home/brian-zheng/spinnaker/install/spinnaker_synchronized_camera_driver/share/spinnaker_synchronized_camera_driver/hook/ld_library_path_lib.sh'
[37.673s] Level 1:colcon.colcon_core.environment:checking '/home/brian-zheng/spinnaker/install/spinnaker_synchronized_camera_driver/bin'
[37.673s] Level 1:colcon.colcon_core.environment:checking '/home/brian-zheng/spinnaker/install/spinnaker_synchronized_camera_driver/lib/pkgconfig/spinnaker_synchronized_camera_driver.pc'
[37.673s] Level 1:colcon.colcon_core.environment:checking '/home/brian-zheng/spinnaker/install/spinnaker_synchronized_camera_driver/lib/python3.12/site-packages'
[37.673s] Level 1:colcon.colcon_core.environment:checking '/home/brian-zheng/spinnaker/install/spinnaker_synchronized_camera_driver/bin'
[37.673s] INFO:colcon.colcon_core.shell:Creating package script '/home/brian-zheng/spinnaker/install/spinnaker_synchronized_camera_driver/share/spinnaker_synchronized_camera_driver/package.ps1'
[37.674s] INFO:colcon.colcon_core.shell:Creating package descriptor '/home/brian-zheng/spinnaker/install/spinnaker_synchronized_camera_driver/share/spinnaker_synchronized_camera_driver/package.dsv'
[37.674s] INFO:colcon.colcon_core.shell:Creating package script '/home/brian-zheng/spinnaker/install/spinnaker_synchronized_camera_driver/share/spinnaker_synchronized_camera_driver/package.sh'
[37.675s] INFO:colcon.colcon_core.shell:Creating package script '/home/brian-zheng/spinnaker/install/spinnaker_synchronized_camera_driver/share/spinnaker_synchronized_camera_driver/package.bash'
[37.675s] INFO:colcon.colcon_core.shell:Creating package script '/home/brian-zheng/spinnaker/install/spinnaker_synchronized_camera_driver/share/spinnaker_synchronized_camera_driver/package.zsh'
[37.675s] Level 1:colcon.colcon_core.environment:create_file_with_runtime_dependencies(/home/brian-zheng/spinnaker/install/spinnaker_synchronized_camera_driver/share/colcon-core/packages/spinnaker_synchronized_camera_driver)
[37.676s] DEBUG:colcon.colcon_parallel_executor.executor.parallel:closing loop
[37.676s] DEBUG:colcon.colcon_parallel_executor.executor.parallel:loop closed
[37.676s] DEBUG:colcon.colcon_parallel_executor.executor.parallel:run_until_complete finished with '0'
[37.676s] DEBUG:colcon.colcon_core.event_reactor:joining thread
[37.683s] INFO:colcon.colcon_core.plugin_system:Skipping extension 'colcon_notification.desktop_notification.terminal_notifier': Not used on non-Darwin systems
[37.683s] INFO:colcon.colcon_core.plugin_system:Skipping extension 'colcon_notification.desktop_notification.win32': Not used on non-Windows systems
[37.683s] INFO:colcon.colcon_notification.desktop_notification:Sending desktop notification using 'notify2'
[37.700s] DEBUG:colcon.colcon_core.event_reactor:joined thread
[37.700s] INFO:colcon.colcon_core.shell:Creating prefix script '/home/brian-zheng/spinnaker/install/local_setup.ps1'
[37.701s] INFO:colcon.colcon_core.shell:Creating prefix util module '/home/brian-zheng/spinnaker/install/_local_setup_util_ps1.py'
[37.702s] INFO:colcon.colcon_core.shell:Creating prefix chain script '/home/brian-zheng/spinnaker/install/setup.ps1'
[37.702s] INFO:colcon.colcon_core.shell:Creating prefix script '/home/brian-zheng/spinnaker/install/local_setup.sh'
[37.703s] INFO:colcon.colcon_core.shell:Creating prefix util module '/home/brian-zheng/spinnaker/install/_local_setup_util_sh.py'
[37.703s] INFO:colcon.colcon_core.shell:Creating prefix chain script '/home/brian-zheng/spinnaker/install/setup.sh'
[37.703s] INFO:colcon.colcon_core.shell:Creating prefix script '/home/brian-zheng/spinnaker/install/local_setup.bash'
[37.704s] INFO:colcon.colcon_core.shell:Creating prefix chain script '/home/brian-zheng/spinnaker/install/setup.bash'
[37.704s] INFO:colcon.colcon_core.shell:Creating prefix script '/home/brian-zheng/spinnaker/install/local_setup.zsh'
[37.704s] INFO:colcon.colcon_core.shell:Creating prefix chain script '/home/brian-zheng/spinnaker/install/setup.zsh'
