[0.009s] Invoking command in '/home/brian-zheng/spinnaker/build/spinnaker_synchronized_camera_driver': AMENT_PREFIX_PATH=/home/brian-zheng/spinnaker/install/spinnaker_camera_driver:/home/brian-zheng/spinnaker/install/flir_camera_msgs:${AMENT_PREFIX_PATH} CMAKE_PREFIX_PATH=/home/brian-zheng/spinnaker/install/spinnaker_camera_driver:/home/brian-zheng/spinnaker/install/flir_camera_msgs:/opt/ros/jazzy/opt/gz_math_vendor:/opt/ros/jazzy/opt/gz_utils_vendor:/opt/ros/jazzy/opt/gz_cmake_vendor:/opt/ros/jazzy DEBUGINFOD_URLS=https://debuginfod.ubuntu.com LD_LIBRARY_PATH=/home/brian-zheng/spinnaker/install/spinnaker_camera_driver/lib:/home/brian-zheng/spinnaker/install/flir_camera_msgs/lib:${LD_LIBRARY_PATH} PYTHONPATH=/home/brian-zheng/spinnaker/install/flir_camera_msgs/lib/python3.12/site-packages:${PYTHONPATH} /usr/bin/cmake /home/brian-zheng/spinnaker/src/flir_camera_driver/spinnaker_synchronized_camera_driver -DCMAKE_BUILD_TYPE=RelWithDebInfo -DCMAKE_EXPORT_COMPILE_COMMANDS=ON -DAMENT_CMAKE_SYMLINK_INSTALL=1 -DCMAKE_INSTALL_PREFIX=/home/brian-zheng/spinnaker/install/spinnaker_synchronized_camera_driver
[0.064s] -- The C compiler identification is GNU 13.3.0
[0.117s] -- The CXX compiler identification is GNU 13.3.0
[0.138s] -- Detecting C compiler ABI info
[0.254s] -- Detecting C compiler ABI info - done
[0.266s] -- Check for working C compiler: /usr/bin/cc - skipped
[0.267s] -- Detecting C compile features
[0.267s] -- Detecting C compile features - done
[0.281s] -- Detecting CXX compiler ABI info
[0.393s] -- Detecting CXX compiler ABI info - done
[0.399s] -- Check for working CXX compiler: /usr/bin/c++ - skipped
[0.399s] -- Detecting CXX compile features
[0.399s] -- Detecting CXX compile features - done
[0.402s] -- Found rclcpp: 28.1.6 (/opt/ros/jazzy/share/rclcpp/cmake)
[0.500s] -- Found Python3: /usr/bin/python3 (found version "3.12.3") found components: Interpreter 
[0.546s] -- Override CMake install command with custom implementation using symlinks instead of copying resources
[0.583s] -- Found rosidl_generator_c: 4.6.5 (/opt/ros/jazzy/share/rosidl_generator_c/cmake)
[0.590s] -- Found rosidl_generator_cpp: 4.6.5 (/opt/ros/jazzy/share/rosidl_generator_cpp/cmake)
[0.598s] -- Using all available rosidl_typesupport_c: rosidl_typesupport_fastrtps_c;rosidl_typesupport_introspection_c
[0.608s] -- Using all available rosidl_typesupport_cpp: rosidl_typesupport_fastrtps_cpp;rosidl_typesupport_introspection_cpp
[0.650s] -- Found rmw_implementation_cmake: 7.3.1 (/opt/ros/jazzy/share/rmw_implementation_cmake/cmake)
[0.652s] -- Found rmw_fastrtps_cpp: 8.4.1 (/opt/ros/jazzy/share/rmw_fastrtps_cpp/cmake)
[0.727s] -- Found OpenSSL: /usr/lib/x86_64-linux-gnu/libcrypto.so (found version "3.0.13")  
[0.759s] -- Found FastRTPS: /opt/ros/jazzy/include (Required is at least version "2.13") 
[0.786s] -- Using RMW implementation 'rmw_fastrtps_cpp' as default
[0.830s] -- Found rclcpp_components: 28.1.6 (/opt/ros/jazzy/share/rclcpp_components/cmake)
[0.851s] -- Found camera_info_manager: 5.1.5 (/opt/ros/jazzy/share/camera_info_manager/cmake)
[0.889s] -- Setting yaml-cpp_DIR to: '/opt/ros/jazzy/share/yaml_cpp_vendor/cmake/../../../opt/yaml_cpp_vendor/share/cmake/yaml-cpp'
[0.911s] -- Found image_transport: 5.1.5 (/opt/ros/jazzy/share/image_transport/cmake)
[0.919s] -- Found flir_camera_msgs: 2.0.8 (/home/brian-zheng/spinnaker/install/flir_camera_msgs/share/flir_camera_msgs/cmake)
[0.930s] -- Found ament_cmake_ros: 0.12.0 (/opt/ros/jazzy/share/ament_cmake_ros/cmake)
[0.933s] -- 
[0.933s]  Properties for TARGET spinnaker_camera_driver::camera_driver:
[0.933s]    spinnaker_camera_driver::camera_driver.INTERFACE_INCLUDE_DIRECTORIES = "/home/brian-zheng/spinnaker/install/spinnaker_camera_driver/include;/home/brian-zheng/spinnaker/install/spinnaker_camera_driver/include"
[0.933s] 
[0.935s] -- Found ament_cmake_copyright: 0.17.1 (/opt/ros/jazzy/share/ament_cmake_copyright/cmake)
[0.936s] -- Found ament_cmake_cppcheck: 0.17.1 (/opt/ros/jazzy/share/ament_cmake_cppcheck/cmake)
[0.937s] -- Found ament_cmake_cpplint: 0.17.1 (/opt/ros/jazzy/share/ament_cmake_cpplint/cmake)
[0.938s] -- Found ament_cmake_flake8: 0.17.1 (/opt/ros/jazzy/share/ament_cmake_flake8/cmake)
[0.939s] -- Found ament_cmake_lint_cmake: 0.17.1 (/opt/ros/jazzy/share/ament_cmake_lint_cmake/cmake)
[0.940s] -- Found ament_cmake_pep257: 0.17.1 (/opt/ros/jazzy/share/ament_cmake_pep257/cmake)
[0.941s] -- Found ament_cmake_clang_format: 0.17.1 (/opt/ros/jazzy/share/ament_cmake_clang_format/cmake)
[0.942s] -- Found ament_cmake_xmllint: 0.17.1 (/opt/ros/jazzy/share/ament_cmake_xmllint/cmake)
[0.997s] -- Configuring done (1.0s)
[1.009s] -- Generating done (0.0s)
[1.013s] -- Build files have been written to: /home/brian-zheng/spinnaker/build/spinnaker_synchronized_camera_driver
[1.021s] Invoked command in '/home/brian-zheng/spinnaker/build/spinnaker_synchronized_camera_driver' returned '0': AMENT_PREFIX_PATH=/home/brian-zheng/spinnaker/install/spinnaker_camera_driver:/home/brian-zheng/spinnaker/install/flir_camera_msgs:${AMENT_PREFIX_PATH} CMAKE_PREFIX_PATH=/home/brian-zheng/spinnaker/install/spinnaker_camera_driver:/home/brian-zheng/spinnaker/install/flir_camera_msgs:/opt/ros/jazzy/opt/gz_math_vendor:/opt/ros/jazzy/opt/gz_utils_vendor:/opt/ros/jazzy/opt/gz_cmake_vendor:/opt/ros/jazzy DEBUGINFOD_URLS=https://debuginfod.ubuntu.com LD_LIBRARY_PATH=/home/brian-zheng/spinnaker/install/spinnaker_camera_driver/lib:/home/brian-zheng/spinnaker/install/flir_camera_msgs/lib:${LD_LIBRARY_PATH} PYTHONPATH=/home/brian-zheng/spinnaker/install/flir_camera_msgs/lib/python3.12/site-packages:${PYTHONPATH} /usr/bin/cmake /home/brian-zheng/spinnaker/src/flir_camera_driver/spinnaker_synchronized_camera_driver -DCMAKE_BUILD_TYPE=RelWithDebInfo -DCMAKE_EXPORT_COMPILE_COMMANDS=ON -DAMENT_CMAKE_SYMLINK_INSTALL=1 -DCMAKE_INSTALL_PREFIX=/home/brian-zheng/spinnaker/install/spinnaker_synchronized_camera_driver
[1.021s] Invoking command in '/home/brian-zheng/spinnaker/build/spinnaker_synchronized_camera_driver': AMENT_PREFIX_PATH=/home/brian-zheng/spinnaker/install/spinnaker_camera_driver:/home/brian-zheng/spinnaker/install/flir_camera_msgs:${AMENT_PREFIX_PATH} CMAKE_PREFIX_PATH=/home/brian-zheng/spinnaker/install/spinnaker_camera_driver:/home/brian-zheng/spinnaker/install/flir_camera_msgs:/opt/ros/jazzy/opt/gz_math_vendor:/opt/ros/jazzy/opt/gz_utils_vendor:/opt/ros/jazzy/opt/gz_cmake_vendor:/opt/ros/jazzy DEBUGINFOD_URLS=https://debuginfod.ubuntu.com LD_LIBRARY_PATH=/home/brian-zheng/spinnaker/install/spinnaker_camera_driver/lib:/home/brian-zheng/spinnaker/install/flir_camera_msgs/lib:${LD_LIBRARY_PATH} PYTHONPATH=/home/brian-zheng/spinnaker/install/flir_camera_msgs/lib/python3.12/site-packages:${PYTHONPATH} /usr/bin/cmake --build /home/brian-zheng/spinnaker/build/spinnaker_synchronized_camera_driver -- -j20 -l20
[1.078s] [ 22%] [32mBuilding CXX object CMakeFiles/synchronized_camera_driver.dir/src/master_exposure_controller.cpp.o[0m
[1.078s] [ 22%] [32mBuilding CXX object CMakeFiles/synchronized_camera_driver.dir/src/follower_exposure_controller.cpp.o[0m
[1.078s] [ 33%] [32mBuilding CXX object CMakeFiles/synchronized_camera_driver.dir/src/exposure_controller_factory.cpp.o[0m
[1.078s] [ 44%] [32mBuilding CXX object CMakeFiles/synchronized_camera_driver.dir/src/time_keeper.cpp.o[0m
[1.078s] [ 66%] [32mBuilding CXX object CMakeFiles/synchronized_camera_driver.dir/src/time_estimator.cpp.o[0m
[1.078s] [ 66%] [32mBuilding CXX object CMakeFiles/synchronized_camera_driver.dir/src/synchronized_camera_driver.cpp.o[0m
[4.992s] [ 77%] [32m[1mLinking CXX shared library libsynchronized_camera_driver.so[0m
[5.113s] [ 77%] Built target synchronized_camera_driver
[5.129s] [ 88%] [32mBuilding CXX object CMakeFiles/synchronized_camera_driver_node.dir/src/synchronized_camera_driver_node.cpp.o[0m
[7.277s] [100%] [32m[1mLinking CXX executable synchronized_camera_driver_node[0m
[7.386s] [100%] Built target synchronized_camera_driver_node
[7.397s] Invoked command in '/home/brian-zheng/spinnaker/build/spinnaker_synchronized_camera_driver' returned '0': AMENT_PREFIX_PATH=/home/brian-zheng/spinnaker/install/spinnaker_camera_driver:/home/brian-zheng/spinnaker/install/flir_camera_msgs:${AMENT_PREFIX_PATH} CMAKE_PREFIX_PATH=/home/brian-zheng/spinnaker/install/spinnaker_camera_driver:/home/brian-zheng/spinnaker/install/flir_camera_msgs:/opt/ros/jazzy/opt/gz_math_vendor:/opt/ros/jazzy/opt/gz_utils_vendor:/opt/ros/jazzy/opt/gz_cmake_vendor:/opt/ros/jazzy DEBUGINFOD_URLS=https://debuginfod.ubuntu.com LD_LIBRARY_PATH=/home/brian-zheng/spinnaker/install/spinnaker_camera_driver/lib:/home/brian-zheng/spinnaker/install/flir_camera_msgs/lib:${LD_LIBRARY_PATH} PYTHONPATH=/home/brian-zheng/spinnaker/install/flir_camera_msgs/lib/python3.12/site-packages:${PYTHONPATH} /usr/bin/cmake --build /home/brian-zheng/spinnaker/build/spinnaker_synchronized_camera_driver -- -j20 -l20
[7.397s] Invoking command in '/home/brian-zheng/spinnaker/build/spinnaker_synchronized_camera_driver': AMENT_PREFIX_PATH=/home/brian-zheng/spinnaker/install/spinnaker_camera_driver:/home/brian-zheng/spinnaker/install/flir_camera_msgs:${AMENT_PREFIX_PATH} CMAKE_PREFIX_PATH=/home/brian-zheng/spinnaker/install/spinnaker_camera_driver:/home/brian-zheng/spinnaker/install/flir_camera_msgs:/opt/ros/jazzy/opt/gz_math_vendor:/opt/ros/jazzy/opt/gz_utils_vendor:/opt/ros/jazzy/opt/gz_cmake_vendor:/opt/ros/jazzy DEBUGINFOD_URLS=https://debuginfod.ubuntu.com LD_LIBRARY_PATH=/home/brian-zheng/spinnaker/install/spinnaker_camera_driver/lib:/home/brian-zheng/spinnaker/install/flir_camera_msgs/lib:${LD_LIBRARY_PATH} PYTHONPATH=/home/brian-zheng/spinnaker/install/flir_camera_msgs/lib/python3.12/site-packages:${PYTHONPATH} /usr/bin/cmake --install /home/brian-zheng/spinnaker/build/spinnaker_synchronized_camera_driver
[7.404s] -- Install configuration: "RelWithDebInfo"
[7.404s] -- Execute custom install script
[7.405s] -- Symlinking: /home/brian-zheng/spinnaker/install/spinnaker_synchronized_camera_driver/lib/spinnaker_synchronized_camera_driver//synchronized_camera_driver_node
[7.415s] -- Symlinking: /home/brian-zheng/spinnaker/install/spinnaker_synchronized_camera_driver/lib/libsynchronized_camera_driver.so
[7.422s] -- Symlinking: /home/brian-zheng/spinnaker/install/spinnaker_synchronized_camera_driver/share/spinnaker_synchronized_camera_driver//launch/follower_example.launch.py
[7.435s] -- Symlinking: /home/brian-zheng/spinnaker/install/spinnaker_synchronized_camera_driver/share/spinnaker_synchronized_camera_driver//launch/master_example.launch.py
[7.442s] -- Symlinking: /home/brian-zheng/spinnaker/install/spinnaker_synchronized_camera_driver/share/spinnaker_synchronized_camera_driver//launch/primary_secondary.launch.py
[7.454s] -- Symlinking: /home/brian-zheng/spinnaker/install/spinnaker_synchronized_camera_driver/share/ament_index/resource_index/package_run_dependencies/spinnaker_synchronized_camera_driver
[7.464s] -- Symlinking: /home/brian-zheng/spinnaker/install/spinnaker_synchronized_camera_driver/share/ament_index/resource_index/parent_prefix_path/spinnaker_synchronized_camera_driver
[7.476s] -- Symlinking: /home/brian-zheng/spinnaker/install/spinnaker_synchronized_camera_driver/share/spinnaker_synchronized_camera_driver/environment/ament_prefix_path.sh
[7.485s] -- Symlinking: /home/brian-zheng/spinnaker/install/spinnaker_synchronized_camera_driver/share/spinnaker_synchronized_camera_driver/environment/ament_prefix_path.dsv
[7.494s] -- Symlinking: /home/brian-zheng/spinnaker/install/spinnaker_synchronized_camera_driver/share/spinnaker_synchronized_camera_driver/environment/path.sh
[7.507s] -- Symlinking: /home/brian-zheng/spinnaker/install/spinnaker_synchronized_camera_driver/share/spinnaker_synchronized_camera_driver/environment/path.dsv
[7.518s] -- Symlinking: /home/brian-zheng/spinnaker/install/spinnaker_synchronized_camera_driver/share/spinnaker_synchronized_camera_driver/local_setup.bash
[7.529s] -- Symlinking: /home/brian-zheng/spinnaker/install/spinnaker_synchronized_camera_driver/share/spinnaker_synchronized_camera_driver/local_setup.sh
[7.542s] -- Symlinking: /home/brian-zheng/spinnaker/install/spinnaker_synchronized_camera_driver/share/spinnaker_synchronized_camera_driver/local_setup.zsh
[7.554s] -- Symlinking: /home/brian-zheng/spinnaker/install/spinnaker_synchronized_camera_driver/share/spinnaker_synchronized_camera_driver/local_setup.dsv
[7.567s] -- Symlinking: /home/brian-zheng/spinnaker/install/spinnaker_synchronized_camera_driver/share/spinnaker_synchronized_camera_driver/package.dsv
[7.574s] -- Symlinking: /home/brian-zheng/spinnaker/install/spinnaker_synchronized_camera_driver/share/ament_index/resource_index/packages/spinnaker_synchronized_camera_driver
[7.583s] -- Symlinking: /home/brian-zheng/spinnaker/install/spinnaker_synchronized_camera_driver/share/ament_index/resource_index/rclcpp_components/spinnaker_synchronized_camera_driver
[7.595s] -- Symlinking: /home/brian-zheng/spinnaker/install/spinnaker_synchronized_camera_driver/share/spinnaker_synchronized_camera_driver/cmake/spinnaker_synchronized_camera_driverConfig.cmake
[7.607s] -- Symlinking: /home/brian-zheng/spinnaker/install/spinnaker_synchronized_camera_driver/share/spinnaker_synchronized_camera_driver/cmake/spinnaker_synchronized_camera_driverConfig-version.cmake
[7.621s] -- Symlinking: /home/brian-zheng/spinnaker/install/spinnaker_synchronized_camera_driver/share/spinnaker_synchronized_camera_driver/package.xml
[7.630s] Invoked command in '/home/brian-zheng/spinnaker/build/spinnaker_synchronized_camera_driver' returned '0': AMENT_PREFIX_PATH=/home/brian-zheng/spinnaker/install/spinnaker_camera_driver:/home/brian-zheng/spinnaker/install/flir_camera_msgs:${AMENT_PREFIX_PATH} CMAKE_PREFIX_PATH=/home/brian-zheng/spinnaker/install/spinnaker_camera_driver:/home/brian-zheng/spinnaker/install/flir_camera_msgs:/opt/ros/jazzy/opt/gz_math_vendor:/opt/ros/jazzy/opt/gz_utils_vendor:/opt/ros/jazzy/opt/gz_cmake_vendor:/opt/ros/jazzy DEBUGINFOD_URLS=https://debuginfod.ubuntu.com LD_LIBRARY_PATH=/home/brian-zheng/spinnaker/install/spinnaker_camera_driver/lib:/home/brian-zheng/spinnaker/install/flir_camera_msgs/lib:${LD_LIBRARY_PATH} PYTHONPATH=/home/brian-zheng/spinnaker/install/flir_camera_msgs/lib/python3.12/site-packages:${PYTHONPATH} /usr/bin/cmake --install /home/brian-zheng/spinnaker/build/spinnaker_synchronized_camera_driver
